<?xml version="1.0" encoding="UTF-8"?>
<testsuites>
  <testsuite name="/home/osama/htdocs/laravel-exports/phpunit.xml" tests="138" assertions="195" errors="0" failures="0" skipped="0" time="5.934047">
    <testsuite name="Laravel Exports Test Suite" tests="138" assertions="195" errors="0" failures="0" skipped="0" time="5.934047">
      <testsuite name="Tests\Feature\Exports\Jobs\ExportCompletionTest" file="tests/Feature/Exports/Jobs/ExportCompletionTest.php" tests="2" assertions="3" errors="0" failures="0" skipped="0" time="1.304218">
        <testcase name="`ExportCompletion Job` → it updates export status to completed" file="tests/Feature/Exports/Jobs/ExportCompletionTest.php::`ExportCompletion Job` → it updates export status to completed" class="Tests\Feature\Exports\Jobs\ExportCompletionTest" classname="Tests.Feature.Exports.Jobs.ExportCompletionTest" assertions="2" time="1.136706"/>
        <testcase name="`ExportCompletion Job` → it dispatches export completed event" file="tests/Feature/Exports/Jobs/ExportCompletionTest.php::`ExportCompletion Job` → it dispatches export completed event" class="Tests\Feature\Exports\Jobs\ExportCompletionTest" classname="Tests.Feature.Exports.Jobs.ExportCompletionTest" assertions="1" time="0.167513"/>
      </testsuite>
      <testsuite name="Tests\Feature\Exports\Downloaders\CsvDownloaderTest" file="tests/Feature/Exports/Downloaders/CsvDownloaderTest.php" tests="3" assertions="4" errors="0" failures="0" skipped="0" time="0.220819">
        <testcase name="`CsvDownloader` → it can download csv file" file="tests/Feature/Exports/Downloaders/CsvDownloaderTest.php::`CsvDownloader` → it can download csv file" class="Tests\Feature\Exports\Downloaders\CsvDownloaderTest" classname="Tests.Feature.Exports.Downloaders.CsvDownloaderTest" assertions="2" time="0.133482"/>
        <testcase name="`CsvDownloader` → it skips non-csv files when downloading" file="tests/Feature/Exports/Downloaders/CsvDownloaderTest.php::`CsvDownloader` → it skips non-csv files when downloading" class="Tests\Feature\Exports\Downloaders\CsvDownloaderTest" classname="Tests.Feature.Exports.Downloaders.CsvDownloaderTest" assertions="1" time="0.042976"/>
        <testcase name="`CsvDownloader` → it aborts with 404 when directory does not exist" file="tests/Feature/Exports/Downloaders/CsvDownloaderTest.php::`CsvDownloader` → it aborts with 404 when directory does not exist" class="Tests\Feature\Exports\Downloaders\CsvDownloaderTest" classname="Tests.Feature.Exports.Downloaders.CsvDownloaderTest" assertions="1" time="0.044361"/>
      </testsuite>
      <testsuite name="Tests\Unit\Exports\ExportColumnTest" file="tests/Unit/Exports/ExportColumnTest.php" tests="13" assertions="18" errors="0" failures="0" skipped="0" time="0.484100">
        <testcase name="`ExportColumn` → it can set label" file="tests/Unit/Exports/ExportColumnTest.php::`ExportColumn` → it can set label" class="Tests\Unit\Exports\ExportColumnTest" classname="Tests.Unit.Exports.ExportColumnTest" assertions="1" time="0.069301"/>
        <testcase name="`ExportColumn` → it can set state using callback" file="tests/Unit/Exports/ExportColumnTest.php::`ExportColumn` → it can set state using callback" class="Tests\Unit\Exports\ExportColumnTest" classname="Tests.Unit.Exports.ExportColumnTest" assertions="1" time="0.034000"/>
        <testcase name="`ExportColumn` → it can format state with limit" file="tests/Unit/Exports/ExportColumnTest.php::`ExportColumn` → it can format state with limit" class="Tests\Unit\Exports\ExportColumnTest" classname="Tests.Unit.Exports.ExportColumnTest" assertions="3" time="0.039897"/>
        <testcase name="`ExportColumn` → it can set enabled by default" file="tests/Unit/Exports/ExportColumnTest.php::`ExportColumn` → it can set enabled by default" class="Tests\Unit\Exports\ExportColumnTest" classname="Tests.Unit.Exports.ExportColumnTest" assertions="1" time="0.033714"/>
        <testcase name="`ExportColumn` → it can aggregate relationships with sum" file="tests/Unit/Exports/ExportColumnTest.php::`ExportColumn` → it can aggregate relationships with sum" class="Tests\Unit\Exports\ExportColumnTest" classname="Tests.Unit.Exports.ExportColumnTest" assertions="2" time="0.036361"/>
        <testcase name="`ExportColumn` → it can aggregate relationships with avg" file="tests/Unit/Exports/ExportColumnTest.php::`ExportColumn` → it can aggregate relationships with avg" class="Tests\Unit\Exports\ExportColumnTest" classname="Tests.Unit.Exports.ExportColumnTest" assertions="2" time="0.030775"/>
        <testcase name="`ExportColumn` → it throws exception when name is blank" file="tests/Unit/Exports/ExportColumnTest.php::`ExportColumn` → it throws exception when name is blank" class="Tests\Unit\Exports\ExportColumnTest" classname="Tests.Unit.Exports.ExportColumnTest" assertions="1" time="0.030811"/>
        <testcase name="`ExportColumn` → it can be created with make method" file="tests/Unit/Exports/ExportColumnTest.php::`ExportColumn` → it can be created with make method" class="Tests\Unit\Exports\ExportColumnTest" classname="Tests.Unit.Exports.ExportColumnTest" assertions="2" time="0.033885"/>
        <testcase name="`ExportColumn` → it can set default state" file="tests/Unit/Exports/ExportColumnTest.php::`ExportColumn` → it can set default state" class="Tests\Unit\Exports\ExportColumnTest" classname="Tests.Unit.Exports.ExportColumnTest" assertions="1" time="0.038078"/>
        <testcase name="`ExportColumn` → it can set prefix and suffix" file="tests/Unit/Exports/ExportColumnTest.php::`ExportColumn` → it can set prefix and suffix" class="Tests\Unit\Exports\ExportColumnTest" classname="Tests.Unit.Exports.ExportColumnTest" assertions="1" time="0.034052"/>
        <testcase name="`ExportColumn` → it generates label from name if not set" file="tests/Unit/Exports/ExportColumnTest.php::`ExportColumn` → it generates label from name if not set" class="Tests\Unit\Exports\ExportColumnTest" classname="Tests.Unit.Exports.ExportColumnTest" assertions="1" time="0.035385"/>
        <testcase name="`ExportColumn` → it can use separator for string values" file="tests/Unit/Exports/ExportColumnTest.php::`ExportColumn` → it can use separator for string values" class="Tests\Unit\Exports\ExportColumnTest" classname="Tests.Unit.Exports.ExportColumnTest" assertions="1" time="0.034280"/>
        <testcase name="`ExportColumn` → it can aggregate relationships with counts" file="tests/Unit/Exports/ExportColumnTest.php::`ExportColumn` → it can aggregate relationships with counts" class="Tests\Unit\Exports\ExportColumnTest" classname="Tests.Unit.Exports.ExportColumnTest" assertions="1" time="0.033561"/>
      </testsuite>
      <testsuite name="Tests\Unit\Exports\Concerns\CanFormatStateTest" file="tests/Unit/Exports/Concerns/CanFormatStateTest.php" tests="39" assertions="50" errors="0" failures="0" skipped="0" time="1.269602">
        <testcase name="`CanFormatState Trait` → it handles filled check with empty string" file="tests/Unit/Exports/Concerns/CanFormatStateTest.php::`CanFormatState Trait` → it handles filled check with empty string" class="Tests\Unit\Exports\Concerns\CanFormatStateTest" classname="Tests.Unit.Exports.Concerns.CanFormatStateTest" assertions="1" time="0.062792"/>
        <testcase name="`CanFormatState Trait` → it handles null prefix and suffix" file="tests/Unit/Exports/Concerns/CanFormatStateTest.php::`CanFormatState Trait` → it handles null prefix and suffix" class="Tests\Unit\Exports\Concerns\CanFormatStateTest" classname="Tests.Unit.Exports.Concerns.CanFormatStateTest" assertions="1" time="0.034380"/>
        <testcase name="`CanFormatState Trait` → it handles blank check with countable empty array" file="tests/Unit/Exports/Concerns/CanFormatStateTest.php::`CanFormatState Trait` → it handles blank check with countable empty array" class="Tests\Unit\Exports\Concerns\CanFormatStateTest" classname="Tests.Unit.Exports.Concerns.CanFormatStateTest" assertions="1" time="0.034916"/>
        <testcase name="`CanFormatState Trait` → it evaluates non-closure values correctly" file="tests/Unit/Exports/Concerns/CanFormatStateTest.php::`CanFormatState Trait` → it evaluates non-closure values correctly" class="Tests\Unit\Exports\Concerns\CanFormatStateTest" classname="Tests.Unit.Exports.Concerns.CanFormatStateTest" assertions="1" time="0.028983"/>
        <testcase name="`CanFormatState Trait` → it can use closures for prefix" file="tests/Unit/Exports/Concerns/CanFormatStateTest.php::`CanFormatState Trait` → it can use closures for prefix" class="Tests\Unit\Exports\Concerns\CanFormatStateTest" classname="Tests.Unit.Exports.Concerns.CanFormatStateTest" assertions="1" time="0.033923"/>
        <testcase name="`CanFormatState Trait` → it handles blank check with boolean false" file="tests/Unit/Exports/Concerns/CanFormatStateTest.php::`CanFormatState Trait` → it handles blank check with boolean false" class="Tests\Unit\Exports\Concerns\CanFormatStateTest" classname="Tests.Unit.Exports.Concerns.CanFormatStateTest" assertions="1" time="0.043732"/>
        <testcase name="`CanFormatState Trait` → it can format state with enum" file="tests/Unit/Exports/Concerns/CanFormatStateTest.php::`CanFormatState Trait` → it can format state with enum" class="Tests\Unit\Exports\Concerns\CanFormatStateTest" classname="Tests.Unit.Exports.Concerns.CanFormatStateTest" assertions="1" time="0.036419"/>
        <testcase name="`CanFormatState Trait` → it can use closures for character limit" file="tests/Unit/Exports/Concerns/CanFormatStateTest.php::`CanFormatState Trait` → it can use closures for character limit" class="Tests\Unit\Exports\Concerns\CanFormatStateTest" classname="Tests.Unit.Exports.Concerns.CanFormatStateTest" assertions="2" time="0.027456"/>
        <testcase name="`CanFormatState Trait` → it handles blank check with empty string" file="tests/Unit/Exports/Concerns/CanFormatStateTest.php::`CanFormatState Trait` → it handles blank check with empty string" class="Tests\Unit\Exports\Concerns\CanFormatStateTest" classname="Tests.Unit.Exports.Concerns.CanFormatStateTest" assertions="1" time="0.025677"/>
        <testcase name="`CanFormatState Trait` → it can set and get character limit end" file="tests/Unit/Exports/Concerns/CanFormatStateTest.php::`CanFormatState Trait` → it can set and get character limit end" class="Tests\Unit\Exports\Concerns\CanFormatStateTest" classname="Tests.Unit.Exports.Concerns.CanFormatStateTest" assertions="1" time="0.029239"/>
        <testcase name="`CanFormatState Trait` → it can format null state" file="tests/Unit/Exports/Concerns/CanFormatStateTest.php::`CanFormatState Trait` → it can format null state" class="Tests\Unit\Exports\Concerns\CanFormatStateTest" classname="Tests.Unit.Exports.Concerns.CanFormatStateTest" assertions="1" time="0.028273"/>
        <testcase name="`CanFormatState Trait` → it can format array state as json" file="tests/Unit/Exports/Concerns/CanFormatStateTest.php::`CanFormatState Trait` → it can format array state as json" class="Tests\Unit\Exports\Concerns\CanFormatStateTest" classname="Tests.Unit.Exports.Concerns.CanFormatStateTest" assertions="1" time="0.028392"/>
        <testcase name="`CanFormatState Trait` → it can use closures for word limit end" file="tests/Unit/Exports/Concerns/CanFormatStateTest.php::`CanFormatState Trait` → it can use closures for word limit end" class="Tests\Unit\Exports\Concerns\CanFormatStateTest" classname="Tests.Unit.Exports.Concerns.CanFormatStateTest" assertions="1" time="0.028931"/>
        <testcase name="`CanFormatState Trait` → it can format state with prefix and suffix" file="tests/Unit/Exports/Concerns/CanFormatStateTest.php::`CanFormatState Trait` → it can format state with prefix and suffix" class="Tests\Unit\Exports\Concerns\CanFormatStateTest" classname="Tests.Unit.Exports.Concerns.CanFormatStateTest" assertions="1" time="0.029161"/>
        <testcase name="`CanFormatState Trait` → it can set and get word limit end" file="tests/Unit/Exports/Concerns/CanFormatStateTest.php::`CanFormatState Trait` → it can set and get word limit end" class="Tests\Unit\Exports\Concerns\CanFormatStateTest" classname="Tests.Unit.Exports.Concerns.CanFormatStateTest" assertions="1" time="0.037527"/>
        <testcase name="`CanFormatState Trait` → it handles blank check with null" file="tests/Unit/Exports/Concerns/CanFormatStateTest.php::`CanFormatState Trait` → it handles blank check with null" class="Tests\Unit\Exports\Concerns\CanFormatStateTest" classname="Tests.Unit.Exports.Concerns.CanFormatStateTest" assertions="1" time="0.032507"/>
        <testcase name="`CanFormatState Trait` → it can format array state with formatting applied to each element" file="tests/Unit/Exports/Concerns/CanFormatStateTest.php::`CanFormatState Trait` → it can format array state with formatting applied to each element" class="Tests\Unit\Exports\Concerns\CanFormatStateTest" classname="Tests.Unit.Exports.Concerns.CanFormatStateTest" assertions="4" time="0.032496"/>
        <testcase name="`CanFormatState Trait` → it handles blank check with numeric zero" file="tests/Unit/Exports/Concerns/CanFormatStateTest.php::`CanFormatState Trait` → it handles blank check with numeric zero" class="Tests\Unit\Exports\Concerns\CanFormatStateTest" classname="Tests.Unit.Exports.Concerns.CanFormatStateTest" assertions="1" time="0.027909"/>
        <testcase name="`CanFormatState Trait` → it handles blank check with countable non-empty array" file="tests/Unit/Exports/Concerns/CanFormatStateTest.php::`CanFormatState Trait` → it handles blank check with countable non-empty array" class="Tests\Unit\Exports\Concerns\CanFormatStateTest" classname="Tests.Unit.Exports.Concerns.CanFormatStateTest" assertions="2" time="0.029561"/>
        <testcase name="`CanFormatState Trait` → it evaluates closures correctly" file="tests/Unit/Exports/Concerns/CanFormatStateTest.php::`CanFormatState Trait` → it evaluates closures correctly" class="Tests\Unit\Exports\Concerns\CanFormatStateTest" classname="Tests.Unit.Exports.Concerns.CanFormatStateTest" assertions="1" time="0.032485"/>
        <testcase name="`CanFormatState Trait` → it can format state with word limit" file="tests/Unit/Exports/Concerns/CanFormatStateTest.php::`CanFormatState Trait` → it can format state with word limit" class="Tests\Unit\Exports\Concerns\CanFormatStateTest" classname="Tests.Unit.Exports.Concerns.CanFormatStateTest" assertions="1" time="0.041518"/>
        <testcase name="`CanFormatState Trait` → it handles blank check with whitespace string" file="tests/Unit/Exports/Concerns/CanFormatStateTest.php::`CanFormatState Trait` → it handles blank check with whitespace string" class="Tests\Unit\Exports\Concerns\CanFormatStateTest" classname="Tests.Unit.Exports.Concerns.CanFormatStateTest" assertions="1" time="0.029465"/>
        <testcase name="`CanFormatState Trait` → it applies formatStateUsing before other formatting" file="tests/Unit/Exports/Concerns/CanFormatStateTest.php::`CanFormatState Trait` → it applies formatStateUsing before other formatting" class="Tests\Unit\Exports\Concerns\CanFormatStateTest" classname="Tests.Unit.Exports.Concerns.CanFormatStateTest" assertions="1" time="0.032115"/>
        <testcase name="`CanFormatState Trait` → it can use closures for suffix" file="tests/Unit/Exports/Concerns/CanFormatStateTest.php::`CanFormatState Trait` → it can use closures for suffix" class="Tests\Unit\Exports\Concerns\CanFormatStateTest" classname="Tests.Unit.Exports.Concerns.CanFormatStateTest" assertions="1" time="0.029849"/>
        <testcase name="`CanFormatState Trait` → it can set and get suffix" file="tests/Unit/Exports/Concerns/CanFormatStateTest.php::`CanFormatState Trait` → it can set and get suffix" class="Tests\Unit\Exports\Concerns\CanFormatStateTest" classname="Tests.Unit.Exports.Concerns.CanFormatStateTest" assertions="1" time="0.042441"/>
        <testcase name="`CanFormatState Trait` → it can format array state with getFormattedState as comma separated" file="tests/Unit/Exports/Concerns/CanFormatStateTest.php::`CanFormatState Trait` → it can format array state with getFormattedState as comma separated" class="Tests\Unit\Exports\Concerns\CanFormatStateTest" classname="Tests.Unit.Exports.Concerns.CanFormatStateTest" assertions="4" time="0.038131"/>
        <testcase name="`CanFormatState Trait` → it can set and get word limit" file="tests/Unit/Exports/Concerns/CanFormatStateTest.php::`CanFormatState Trait` → it can set and get word limit" class="Tests\Unit\Exports\Concerns\CanFormatStateTest" classname="Tests.Unit.Exports.Concerns.CanFormatStateTest" assertions="1" time="0.027991"/>
        <testcase name="`CanFormatState Trait` → it handles empty prefix and suffix" file="tests/Unit/Exports/Concerns/CanFormatStateTest.php::`CanFormatState Trait` → it handles empty prefix and suffix" class="Tests\Unit\Exports\Concerns\CanFormatStateTest" classname="Tests.Unit.Exports.Concerns.CanFormatStateTest" assertions="1" time="0.027744"/>
        <testcase name="`CanFormatState Trait` → it can use formatStateUsing callback" file="tests/Unit/Exports/Concerns/CanFormatStateTest.php::`CanFormatState Trait` → it can use formatStateUsing callback" class="Tests\Unit\Exports\Concerns\CanFormatStateTest" classname="Tests.Unit.Exports.Concerns.CanFormatStateTest" assertions="1" time="0.035644"/>
        <testcase name="`CanFormatState Trait` → it can format state with character limit" file="tests/Unit/Exports/Concerns/CanFormatStateTest.php::`CanFormatState Trait` → it can format state with character limit" class="Tests\Unit\Exports\Concerns\CanFormatStateTest" classname="Tests.Unit.Exports.Concerns.CanFormatStateTest" assertions="2" time="0.048485"/>
        <testcase name="`CanFormatState Trait` → it can format array state with getFormattedState as json" file="tests/Unit/Exports/Concerns/CanFormatStateTest.php::`CanFormatState Trait` → it can format array state with getFormattedState as json" class="Tests\Unit\Exports\Concerns\CanFormatStateTest" classname="Tests.Unit.Exports.Concerns.CanFormatStateTest" assertions="2" time="0.037012"/>
        <testcase name="`CanFormatState Trait` → it can set and check listAsJson" file="tests/Unit/Exports/Concerns/CanFormatStateTest.php::`CanFormatState Trait` → it can set and check listAsJson" class="Tests\Unit\Exports\Concerns\CanFormatStateTest" classname="Tests.Unit.Exports.Concerns.CanFormatStateTest" assertions="2" time="0.029963"/>
        <testcase name="`CanFormatState Trait` → it handles filled check with non-empty string" file="tests/Unit/Exports/Concerns/CanFormatStateTest.php::`CanFormatState Trait` → it handles filled check with non-empty string" class="Tests\Unit\Exports\Concerns\CanFormatStateTest" classname="Tests.Unit.Exports.Concerns.CanFormatStateTest" assertions="1" time="0.025290"/>
        <testcase name="`CanFormatState Trait` → it can set and get character limit" file="tests/Unit/Exports/Concerns/CanFormatStateTest.php::`CanFormatState Trait` → it can set and get character limit" class="Tests\Unit\Exports\Concerns\CanFormatStateTest" classname="Tests.Unit.Exports.Concerns.CanFormatStateTest" assertions="1" time="0.030717"/>
        <testcase name="`CanFormatState Trait` → it can format array state as comma separated" file="tests/Unit/Exports/Concerns/CanFormatStateTest.php::`CanFormatState Trait` → it can format array state as comma separated" class="Tests\Unit\Exports\Concerns\CanFormatStateTest" classname="Tests.Unit.Exports.Concerns.CanFormatStateTest" assertions="1" time="0.027758"/>
        <testcase name="`CanFormatState Trait` → it can use closures for word limit" file="tests/Unit/Exports/Concerns/CanFormatStateTest.php::`CanFormatState Trait` → it can use closures for word limit" class="Tests\Unit\Exports\Concerns\CanFormatStateTest" classname="Tests.Unit.Exports.Concerns.CanFormatStateTest" assertions="1" time="0.026085"/>
        <testcase name="`CanFormatState Trait` → it handles formatStateUsing with state parameter" file="tests/Unit/Exports/Concerns/CanFormatStateTest.php::`CanFormatState Trait` → it handles formatStateUsing with state parameter" class="Tests\Unit\Exports\Concerns\CanFormatStateTest" classname="Tests.Unit.Exports.Concerns.CanFormatStateTest" assertions="1" time="0.026343"/>
        <testcase name="`CanFormatState Trait` → it can set and get prefix" file="tests/Unit/Exports/Concerns/CanFormatStateTest.php::`CanFormatState Trait` → it can set and get prefix" class="Tests\Unit\Exports\Concerns\CanFormatStateTest" classname="Tests.Unit.Exports.Concerns.CanFormatStateTest" assertions="1" time="0.023660"/>
        <testcase name="`CanFormatState Trait` → it can use closures for character limit end" file="tests/Unit/Exports/Concerns/CanFormatStateTest.php::`CanFormatState Trait` → it can use closures for character limit end" class="Tests\Unit\Exports\Concerns\CanFormatStateTest" classname="Tests.Unit.Exports.Concerns.CanFormatStateTest" assertions="1" time="0.024631"/>
      </testsuite>
      <testsuite name="Tests\Unit\Exports\Models\ExportTest" file="tests/Unit/Exports/Models/ExportTest.php" tests="14" assertions="22" errors="0" failures="0" skipped="0" time="0.647595">
        <testcase name="`Export Model` → it can delete file directory" file="tests/Unit/Exports/Models/ExportTest.php::`Export Model` → it can delete file directory" class="Tests\Unit\Exports\Models\ExportTest" classname="Tests.Unit.Exports.Models.ExportTest" assertions="2" time="0.098445"/>
        <testcase name="`Export Model` → it can download export file" file="tests/Unit/Exports/Models/ExportTest.php::`Export Model` → it can download export file" class="Tests\Unit\Exports\Models\ExportTest" classname="Tests.Unit.Exports.Models.ExportTest" assertions="1" time="0.061189"/>
        <testcase name="`Export Model` → it returns 50 when half is processed" file="tests/Unit/Exports/Models/ExportTest.php::`Export Model` → it returns 50 when half is processed" class="Tests\Unit\Exports\Models\ExportTest" classname="Tests.Unit.Exports.Models.ExportTest" assertions="1" time="0.049958"/>
        <testcase name="`Export Model` → it rounds to 2 decimal places" file="tests/Unit/Exports/Models/ExportTest.php::`Export Model` → it rounds to 2 decimal places" class="Tests\Unit\Exports\Models\ExportTest" classname="Tests.Unit.Exports.Models.ExportTest" assertions="2" time="0.044777"/>
        <testcase name="`Export Model` → it returns 0 when processed rows is 0" file="tests/Unit/Exports/Models/ExportTest.php::`Export Model` → it returns 0 when processed rows is 0" class="Tests\Unit\Exports\Models\ExportTest" classname="Tests.Unit.Exports.Models.ExportTest" assertions="1" time="0.049818"/>
        <testcase name="`Export Model` → it handles when processed rows exceed total rows" file="tests/Unit/Exports/Models/ExportTest.php::`Export Model` → it handles when processed rows exceed total rows" class="Tests\Unit\Exports\Models\ExportTest" classname="Tests.Unit.Exports.Models.ExportTest" assertions="1" time="0.047570"/>
        <testcase name="`Export Model` → it returns correct percentage for partial progress" file="tests/Unit/Exports/Models/ExportTest.php::`Export Model` → it returns correct percentage for partial progress" class="Tests\Unit\Exports\Models\ExportTest" classname="Tests.Unit.Exports.Models.ExportTest" assertions="1" time="0.037314"/>
        <testcase name="`Export Model` → it can be created" file="tests/Unit/Exports/Models/ExportTest.php::`Export Model` → it can be created" class="Tests\Unit\Exports\Models\ExportTest" classname="Tests.Unit.Exports.Models.ExportTest" assertions="6" time="0.040766"/>
        <testcase name="`Export Model` → it returns file disk instance" file="tests/Unit/Exports/Models/ExportTest.php::`Export Model` → it returns file disk instance" class="Tests\Unit\Exports\Models\ExportTest" classname="Tests.Unit.Exports.Models.ExportTest" assertions="1" time="0.034917"/>
        <testcase name="`Export Model` → it casts status to enum" file="tests/Unit/Exports/Models/ExportTest.php::`Export Model` → it casts status to enum" class="Tests\Unit\Exports\Models\ExportTest" classname="Tests.Unit.Exports.Models.ExportTest" assertions="2" time="0.032859"/>
        <testcase name="`Export Model` → it returns 100 when export is completed" file="tests/Unit/Exports/Models/ExportTest.php::`Export Model` → it returns 100 when export is completed" class="Tests\Unit\Exports\Models\ExportTest" classname="Tests.Unit.Exports.Models.ExportTest" assertions="1" time="0.042452"/>
        <testcase name="`Export Model` → it generates correct file directory path" file="tests/Unit/Exports/Models/ExportTest.php::`Export Model` → it generates correct file directory path" class="Tests\Unit\Exports\Models\ExportTest" classname="Tests.Unit.Exports.Models.ExportTest" assertions="1" time="0.046458"/>
        <testcase name="`Export Model` → it returns 0 when total rows is 0" file="tests/Unit/Exports/Models/ExportTest.php::`Export Model` → it returns 0 when total rows is 0" class="Tests\Unit\Exports\Models\ExportTest" classname="Tests.Unit.Exports.Models.ExportTest" assertions="1" time="0.031040"/>
        <testcase name="`Export Model` → it calculates failed rows count correctly" file="tests/Unit/Exports/Models/ExportTest.php::`Export Model` → it calculates failed rows count correctly" class="Tests\Unit\Exports\Models\ExportTest" classname="Tests.Unit.Exports.Models.ExportTest" assertions="1" time="0.030031"/>
      </testsuite>
      <testsuite name="Tests\Unit\Exports\ExporterTest" file="tests/Unit/Exports/ExporterTest.php" tests="17" assertions="18" errors="0" failures="0" skipped="0" time="0.553629">
        <testcase name="`Exporter` → it can get job batch name" file="tests/Unit/Exports/ExporterTest.php::`Exporter` → it can get job batch name" class="Tests\Unit\Exports\ExporterTest" classname="Tests.Unit.Exports.ExporterTest" assertions="1" time="0.052033"/>
        <testcase name="`Exporter` → it can get completed notification title" file="tests/Unit/Exports/ExporterTest.php::`Exporter` → it can get completed notification title" class="Tests\Unit\Exports\ExporterTest" classname="Tests.Unit.Exports.ExporterTest" assertions="1" time="0.028502"/>
        <testcase name="`Exporter` → it can get file disk from config" file="tests/Unit/Exports/ExporterTest.php::`Exporter` → it can get file disk from config" class="Tests\Unit\Exports\ExporterTest" classname="Tests.Unit.Exports.ExporterTest" assertions="1" time="0.029972"/>
        <testcase name="`Exporter` → it can get record" file="tests/Unit/Exports/ExporterTest.php::`Exporter` → it can get record" class="Tests\Unit\Exports\ExporterTest" classname="Tests.Unit.Exports.ExporterTest" assertions="1" time="0.031683"/>
        <testcase name="`Exporter` → it can get options" file="tests/Unit/Exports/ExporterTest.php::`Exporter` → it can get options" class="Tests\Unit\Exports\ExporterTest" classname="Tests.Unit.Exports.ExporterTest" assertions="1" time="0.030439"/>
        <testcase name="`Exporter` → it can get xlsx writer options" file="tests/Unit/Exports/ExporterTest.php::`Exporter` → it can get xlsx writer options" class="Tests\Unit\Exports\ExporterTest" classname="Tests.Unit.Exports.ExporterTest" assertions="1" time="0.030963"/>
        <testcase name="`Exporter` → it can make xlsx row" file="tests/Unit/Exports/ExporterTest.php::`Exporter` → it can make xlsx row" class="Tests\Unit\Exports\ExporterTest" classname="Tests.Unit.Exports.ExporterTest" assertions="1" time="0.030079"/>
        <testcase name="`Exporter` → it can get xlsx cell style" file="tests/Unit/Exports/ExporterTest.php::`Exporter` → it can get xlsx cell style" class="Tests\Unit\Exports\ExporterTest" classname="Tests.Unit.Exports.ExporterTest" assertions="1" time="0.026729"/>
        <testcase name="`Exporter` → it can configure xlsx writer before close" file="tests/Unit/Exports/ExporterTest.php::`Exporter` → it can configure xlsx writer before close" class="Tests\Unit\Exports\ExporterTest" classname="Tests.Unit.Exports.ExporterTest" assertions="1" time="0.045213"/>
        <testcase name="`Exporter` → it can get job connection" file="tests/Unit/Exports/ExporterTest.php::`Exporter` → it can get job connection" class="Tests\Unit\Exports\ExporterTest" classname="Tests.Unit.Exports.ExporterTest" assertions="1" time="0.025381"/>
        <testcase name="`Exporter` → it can generate file name" file="tests/Unit/Exports/ExporterTest.php::`Exporter` → it can generate file name" class="Tests\Unit\Exports\ExporterTest" classname="Tests.Unit.Exports.ExporterTest" assertions="1" time="0.032970"/>
        <testcase name="`Exporter` → it can get xlsx header cell style" file="tests/Unit/Exports/ExporterTest.php::`Exporter` → it can get xlsx header cell style" class="Tests\Unit\Exports\ExporterTest" classname="Tests.Unit.Exports.ExporterTest" assertions="1" time="0.027050"/>
        <testcase name="`Exporter` → it can get formats" file="tests/Unit/Exports/ExporterTest.php::`Exporter` → it can get formats" class="Tests\Unit\Exports\ExporterTest" classname="Tests.Unit.Exports.ExporterTest" assertions="2" time="0.025169"/>
        <testcase name="`Exporter` → it can get csv delimiter" file="tests/Unit/Exports/ExporterTest.php::`Exporter` → it can get csv delimiter" class="Tests\Unit\Exports\ExporterTest" classname="Tests.Unit.Exports.ExporterTest" assertions="1" time="0.032111"/>
        <testcase name="`Exporter` → it can make xlsx header row" file="tests/Unit/Exports/ExporterTest.php::`Exporter` → it can make xlsx header row" class="Tests\Unit\Exports\ExporterTest" classname="Tests.Unit.Exports.ExporterTest" assertions="1" time="0.034486"/>
        <testcase name="`Exporter` → it can get job queue" file="tests/Unit/Exports/ExporterTest.php::`Exporter` → it can get job queue" class="Tests\Unit\Exports\ExporterTest" classname="Tests.Unit.Exports.ExporterTest" assertions="1" time="0.035316"/>
        <testcase name="`Exporter` → it can modify query" file="tests/Unit/Exports/ExporterTest.php::`Exporter` → it can modify query" class="Tests\Unit\Exports\ExporterTest" classname="Tests.Unit.Exports.ExporterTest" assertions="1" time="0.035534"/>
      </testsuite>
      <testsuite name="Tests\Unit\Exports\Enums\ExportFormatTest" file="tests/Unit/Exports/Enums/ExportFormatTest.php" tests="5" assertions="11" errors="0" failures="0" skipped="0" time="0.220432">
        <testcase name="`ExportFormat` → it returns downloader instance" file="tests/Unit/Exports/Enums/ExportFormatTest.php::`ExportFormat` → it returns downloader instance" class="Tests\Unit\Exports\Enums\ExportFormatTest" classname="Tests.Unit.Exports.Enums.ExportFormatTest" assertions="2" time="0.077270"/>
        <testcase name="`ExportFormat` → it returns correct extension" file="tests/Unit/Exports/Enums/ExportFormatTest.php::`ExportFormat` → it returns correct extension" class="Tests\Unit\Exports\Enums\ExportFormatTest" classname="Tests.Unit.Exports.Enums.ExportFormatTest" assertions="2" time="0.037253"/>
        <testcase name="`ExportFormat` → it has csv and xlsx cases" file="tests/Unit/Exports/Enums/ExportFormatTest.php::`ExportFormat` → it has csv and xlsx cases" class="Tests\Unit\Exports\Enums\ExportFormatTest" classname="Tests.Unit.Exports.Enums.ExportFormatTest" assertions="3" time="0.040333"/>
        <testcase name="`ExportFormat` → it returns correct mime type" file="tests/Unit/Exports/Enums/ExportFormatTest.php::`ExportFormat` → it returns correct mime type" class="Tests\Unit\Exports\Enums\ExportFormatTest" classname="Tests.Unit.Exports.Enums.ExportFormatTest" assertions="2" time="0.032437"/>
        <testcase name="`ExportFormat` → it can be created from string value" file="tests/Unit/Exports/Enums/ExportFormatTest.php::`ExportFormat` → it can be created from string value" class="Tests\Unit\Exports\Enums\ExportFormatTest" classname="Tests.Unit.Exports.Enums.ExportFormatTest" assertions="2" time="0.033139"/>
      </testsuite>
      <testsuite name="Tests\Unit\Exports\Enums\ExportStatusTest" file="tests/Unit/Exports/Enums/ExportStatusTest.php" tests="2" assertions="9" errors="0" failures="0" skipped="0" time="0.086527">
        <testcase name="`ExportStatus` → it has all required cases" file="tests/Unit/Exports/Enums/ExportStatusTest.php::`ExportStatus` → it has all required cases" class="Tests\Unit\Exports\Enums\ExportStatusTest" classname="Tests.Unit.Exports.Enums.ExportStatusTest" assertions="5" time="0.044851"/>
        <testcase name="`ExportStatus` → it can be created from string value" file="tests/Unit/Exports/Enums/ExportStatusTest.php::`ExportStatus` → it can be created from string value" class="Tests\Unit\Exports\Enums\ExportStatusTest" classname="Tests.Unit.Exports.Enums.ExportStatusTest" assertions="4" time="0.041676"/>
      </testsuite>
      <testsuite name="Tests\Feature\Exports\Jobs\CreateXlsxFileTest" file="tests/Feature/Exports/Jobs/CreateXlsxFileTest.php" tests="3" assertions="4" errors="0" failures="0" skipped="0" time="0.141338">
        <testcase name="`CreateXlsxFile Job` → it skips non-csv files" file="tests/Feature/Exports/Jobs/CreateXlsxFileTest.php::`CreateXlsxFile Job` → it skips non-csv files" class="Tests\Feature\Exports\Jobs\CreateXlsxFileTest" classname="Tests.Feature.Exports.Jobs.CreateXlsxFileTest" assertions="1" time="0.065181"/>
        <testcase name="`CreateXlsxFile Job` → it skips headers.csv when processing chunks" file="tests/Feature/Exports/Jobs/CreateXlsxFileTest.php::`CreateXlsxFile Job` → it skips headers.csv when processing chunks" class="Tests\Feature\Exports\Jobs\CreateXlsxFileTest" classname="Tests.Feature.Exports.Jobs.CreateXlsxFileTest" assertions="2" time="0.036622"/>
        <testcase name="`CreateXlsxFile Job` → it creates xlsx file from csv chunks" file="tests/Feature/Exports/Jobs/CreateXlsxFileTest.php::`CreateXlsxFile Job` → it creates xlsx file from csv chunks" class="Tests\Feature\Exports\Jobs\CreateXlsxFileTest" classname="Tests.Feature.Exports.Jobs.CreateXlsxFileTest" assertions="1" time="0.039535"/>
      </testsuite>
      <testsuite name="Tests\Unit\Exports\Concerns\HasCellStateTest" file="tests/Unit/Exports/Concerns/HasCellStateTest.php" tests="10" assertions="14" errors="0" failures="0" skipped="0" time="0.247707">
        <testcase name="`HasCellState Trait` → it can check if has multiple relationship" file="tests/Unit/Exports/Concerns/HasCellStateTest.php::`HasCellState Trait` → it can check if has multiple relationship" class="Tests\Unit\Exports\Concerns\HasCellStateTest" classname="Tests.Unit.Exports.Concerns.HasCellStateTest" assertions="1" time="0.037289"/>
        <testcase name="`HasCellState Trait` → it can get relationship results" file="tests/Unit/Exports/Concerns/HasCellStateTest.php::`HasCellState Trait` → it can get relationship results" class="Tests\Unit\Exports\Concerns\HasCellStateTest" classname="Tests.Unit.Exports.Concerns.HasCellStateTest" assertions="2" time="0.024724"/>
        <testcase name="`HasCellState Trait` → it can get full attribute name" file="tests/Unit/Exports/Concerns/HasCellStateTest.php::`HasCellState Trait` → it can get full attribute name" class="Tests\Unit\Exports\Concerns\HasCellStateTest" classname="Tests.Unit.Exports.Concerns.HasCellStateTest" assertions="1" time="0.024522"/>
        <testcase name="`HasCellState Trait` → it can get attribute name" file="tests/Unit/Exports/Concerns/HasCellStateTest.php::`HasCellState Trait` → it can get attribute name" class="Tests\Unit\Exports\Concerns\HasCellStateTest" classname="Tests.Unit.Exports.Concerns.HasCellStateTest" assertions="2" time="0.031482"/>
        <testcase name="`HasCellState Trait` → it can get relationship name" file="tests/Unit/Exports/Concerns/HasCellStateTest.php::`HasCellState Trait` → it can get relationship name" class="Tests\Unit\Exports\Concerns\HasCellStateTest" classname="Tests.Unit.Exports.Concerns.HasCellStateTest" assertions="2" time="0.023686"/>
        <testcase name="`HasCellState Trait` → it can set and get default state" file="tests/Unit/Exports/Concerns/HasCellStateTest.php::`HasCellState Trait` → it can set and get default state" class="Tests\Unit\Exports\Concerns\HasCellStateTest" classname="Tests.Unit.Exports.Concerns.HasCellStateTest" assertions="1" time="0.021150"/>
        <testcase name="`HasCellState Trait` → it can set and get separator" file="tests/Unit/Exports/Concerns/HasCellStateTest.php::`HasCellState Trait` → it can set and get separator" class="Tests\Unit\Exports\Concerns\HasCellStateTest" classname="Tests.Unit.Exports.Concerns.HasCellStateTest" assertions="1" time="0.022067"/>
        <testcase name="`HasCellState Trait` → it can get relationship" file="tests/Unit/Exports/Concerns/HasCellStateTest.php::`HasCellState Trait` → it can get relationship" class="Tests\Unit\Exports\Concerns\HasCellStateTest" classname="Tests.Unit.Exports.Concerns.HasCellStateTest" assertions="1" time="0.021610"/>
        <testcase name="`HasCellState Trait` → it can set and check distinct list" file="tests/Unit/Exports/Concerns/HasCellStateTest.php::`HasCellState Trait` → it can set and check distinct list" class="Tests\Unit\Exports\Concerns\HasCellStateTest" classname="Tests.Unit.Exports.Concerns.HasCellStateTest" assertions="1" time="0.020395"/>
        <testcase name="`HasCellState Trait` → it can check if has relationship" file="tests/Unit/Exports/Concerns/HasCellStateTest.php::`HasCellState Trait` → it can check if has relationship" class="Tests\Unit\Exports\Concerns\HasCellStateTest" classname="Tests.Unit.Exports.Concerns.HasCellStateTest" assertions="2" time="0.020782"/>
      </testsuite>
      <testsuite name="Tests\Unit\Exports\Facades\ExportTest" file="tests/Unit/Exports/Facades/ExportTest.php" tests="2" assertions="2" errors="0" failures="0" skipped="0" time="0.054277">
        <testcase name="`Export Facade` → it can chain methods" file="tests/Unit/Exports/Facades/ExportTest.php::`Export Facade` → it can chain methods" class="Tests\Unit\Exports\Facades\ExportTest" classname="Tests.Unit.Exports.Facades.ExportTest" assertions="1" time="0.032293"/>
        <testcase name="`Export Facade` → it can access exporter method" file="tests/Unit/Exports/Facades/ExportTest.php::`Export Facade` → it can access exporter method" class="Tests\Unit\Exports\Facades\ExportTest" classname="Tests.Unit.Exports.Facades.ExportTest" assertions="1" time="0.021984"/>
      </testsuite>
      <testsuite name="Tests\Feature\Exports\Downloaders\XlsxDownloaderTest" file="tests/Feature/Exports/Downloaders/XlsxDownloaderTest.php" tests="5" assertions="7" errors="0" failures="0" skipped="0" time="0.121918">
        <testcase name="`XlsxDownloader` → it aborts with 404 when directory does not exist" file="tests/Feature/Exports/Downloaders/XlsxDownloaderTest.php::`XlsxDownloader` → it aborts with 404 when directory does not exist" class="Tests\Feature\Exports\Downloaders\XlsxDownloaderTest" classname="Tests.Feature.Exports.Downloaders.XlsxDownloaderTest" assertions="1" time="0.025880"/>
        <testcase name="`XlsxDownloader` → it skips non-csv files when streaming from csv" file="tests/Feature/Exports/Downloaders/XlsxDownloaderTest.php::`XlsxDownloader` → it skips non-csv files when streaming from csv" class="Tests\Feature\Exports\Downloaders\XlsxDownloaderTest" classname="Tests.Feature.Exports.Downloaders.XlsxDownloaderTest" assertions="1" time="0.023960"/>
        <testcase name="`XlsxDownloader` → it returns either StreamedResponse or StreamedResponse (example of OR pattern)" file="tests/Feature/Exports/Downloaders/XlsxDownloaderTest.php::`XlsxDownloader` → it returns either StreamedResponse or StreamedResponse (example of OR pattern)" class="Tests\Feature\Exports\Downloaders\XlsxDownloaderTest" classname="Tests.Feature.Exports.Downloaders.XlsxDownloaderTest" assertions="2" time="0.025917"/>
        <testcase name="`XlsxDownloader` → it can stream xlsx from csv files when xlsx does not exist" file="tests/Feature/Exports/Downloaders/XlsxDownloaderTest.php::`XlsxDownloader` → it can stream xlsx from csv files when xlsx does not exist" class="Tests\Feature\Exports\Downloaders\XlsxDownloaderTest" classname="Tests.Feature.Exports.Downloaders.XlsxDownloaderTest" assertions="2" time="0.022372"/>
        <testcase name="`XlsxDownloader` → it can download existing xlsx file" file="tests/Feature/Exports/Downloaders/XlsxDownloaderTest.php::`XlsxDownloader` → it can download existing xlsx file" class="Tests\Feature\Exports\Downloaders\XlsxDownloaderTest" classname="Tests.Feature.Exports.Downloaders.XlsxDownloaderTest" assertions="1" time="0.023789"/>
      </testsuite>
      <testsuite name="Tests\Feature\Exports\ExportManagerTest" file="tests/Feature/Exports/ExportManagerTest.php" tests="12" assertions="16" errors="0" failures="0" skipped="0" time="0.290156">
        <testcase name="`ExportManager` → it can start export with specific records" file="tests/Feature/Exports/ExportManagerTest.php::`ExportManager` → it can start export with specific records" class="Tests\Feature\Exports\ExportManagerTest" classname="Tests.Feature.Exports.ExportManagerTest" assertions="1" time="0.039315"/>
        <testcase name="`ExportManager` → it can set options" file="tests/Feature/Exports/ExportManagerTest.php::`ExportManager` → it can set options" class="Tests\Feature\Exports\ExportManagerTest" classname="Tests.Feature.Exports.ExportManagerTest" assertions="1" time="0.023806"/>
        <testcase name="`ExportManager` → it can set formats" file="tests/Feature/Exports/ExportManagerTest.php::`ExportManager` → it can set formats" class="Tests\Feature\Exports\ExportManagerTest" classname="Tests.Feature.Exports.ExportManagerTest" assertions="1" time="0.025404"/>
        <testcase name="`ExportManager` → it can set max rows" file="tests/Feature/Exports/ExportManagerTest.php::`ExportManager` → it can set max rows" class="Tests\Feature\Exports\ExportManagerTest" classname="Tests.Feature.Exports.ExportManagerTest" assertions="1" time="0.024258"/>
        <testcase name="`ExportManager` → it throws exception when max rows is exceeded" file="tests/Feature/Exports/ExportManagerTest.php::`ExportManager` → it throws exception when max rows is exceeded" class="Tests\Feature\Exports\ExportManagerTest" classname="Tests.Feature.Exports.ExportManagerTest" assertions="2" time="0.020650"/>
        <testcase name="`ExportManager` → it can set custom file disk" file="tests/Feature/Exports/ExportManagerTest.php::`ExportManager` → it can set custom file disk" class="Tests\Feature\Exports\ExportManagerTest" classname="Tests.Feature.Exports.ExportManagerTest" assertions="1" time="0.023525"/>
        <testcase name="`ExportManager` → it can set chunk size" file="tests/Feature/Exports/ExportManagerTest.php::`ExportManager` → it can set chunk size" class="Tests\Feature\Exports\ExportManagerTest" classname="Tests.Feature.Exports.ExportManagerTest" assertions="1" time="0.022337"/>
        <testcase name="`ExportManager` → it can modify query using closure" file="tests/Feature/Exports/ExportManagerTest.php::`ExportManager` → it can modify query using closure" class="Tests\Feature\Exports\ExportManagerTest" classname="Tests.Feature.Exports.ExportManagerTest" assertions="1" time="0.023199"/>
        <testcase name="`ExportManager` → it can associate creator with export" file="tests/Feature/Exports/ExportManagerTest.php::`ExportManager` → it can associate creator with export" class="Tests\Feature\Exports\ExportManagerTest" classname="Tests.Feature.Exports.ExportManagerTest" assertions="2" time="0.021152"/>
        <testcase name="`ExportManager` → it can start export with column map" file="tests/Feature/Exports/ExportManagerTest.php::`ExportManager` → it can start export with column map" class="Tests\Feature\Exports\ExportManagerTest" classname="Tests.Feature.Exports.ExportManagerTest" assertions="1" time="0.022179"/>
        <testcase name="`ExportManager` → it can set custom file name" file="tests/Feature/Exports/ExportManagerTest.php::`ExportManager` → it can set custom file name" class="Tests\Feature\Exports\ExportManagerTest" classname="Tests.Feature.Exports.ExportManagerTest" assertions="1" time="0.022911"/>
        <testcase name="`ExportManager` → it can start export with default settings" file="tests/Feature/Exports/ExportManagerTest.php::`ExportManager` → it can start export with default settings" class="Tests\Feature\Exports\ExportManagerTest" classname="Tests.Feature.Exports.ExportManagerTest" assertions="3" time="0.021422"/>
      </testsuite>
      <testsuite name="Tests\Feature\Exports\Jobs\ExportCsvTest" file="tests/Feature/Exports/Jobs/ExportCsvTest.php" tests="11" assertions="17" errors="0" failures="0" skipped="0" time="0.291730">
        <testcase name="`ExportCsv Job` → it can process records and create csv file" file="tests/Feature/Exports/Jobs/ExportCsvTest.php::`ExportCsv Job` → it can process records and create csv file" class="Tests\Feature\Exports\Jobs\ExportCsvTest" classname="Tests.Feature.Exports.Jobs.ExportCsvTest" assertions="3" time="0.034860"/>
        <testcase name="`ExportCsv Job` → it handles exceptions during record processing" file="tests/Feature/Exports/Jobs/ExportCsvTest.php::`ExportCsv Job` → it handles exceptions during record processing" class="Tests\Feature\Exports\Jobs\ExportCsvTest" classname="Tests.Feature.Exports.Jobs.ExportCsvTest" assertions="2" time="0.045531"/>
        <testcase name="`ExportCsv Job` → it creates zero-padded file names" file="tests/Feature/Exports/Jobs/ExportCsvTest.php::`ExportCsv Job` → it creates zero-padded file names" class="Tests\Feature\Exports\Jobs\ExportCsvTest" classname="Tests.Feature.Exports.Jobs.ExportCsvTest" assertions="1" time="0.023674"/>
        <testcase name="`ExportCsv Job` → it returns correct middleware" file="tests/Feature/Exports/Jobs/ExportCsvTest.php::`ExportCsv Job` → it returns correct middleware" class="Tests\Feature\Exports\Jobs\ExportCsvTest" classname="Tests.Feature.Exports.Jobs.ExportCsvTest" assertions="2" time="0.022792"/>
        <testcase name="`ExportCsv Job` → it returns correct tags" file="tests/Feature/Exports/Jobs/ExportCsvTest.php::`ExportCsv Job` → it returns correct tags" class="Tests\Feature\Exports\Jobs\ExportCsvTest" classname="Tests.Feature.Exports.Jobs.ExportCsvTest" assertions="2" time="0.020674"/>
        <testcase name="`ExportCsv Job` → it returns correct retry until time" file="tests/Feature/Exports/Jobs/ExportCsvTest.php::`ExportCsv Job` → it returns correct retry until time" class="Tests\Feature\Exports\Jobs\ExportCsvTest" classname="Tests.Feature.Exports.Jobs.ExportCsvTest" assertions="1" time="0.022280"/>
        <testcase name="`ExportCsv Job` → it sets authenticated user when creator exists" file="tests/Feature/Exports/Jobs/ExportCsvTest.php::`ExportCsv Job` → it sets authenticated user when creator exists" class="Tests\Feature\Exports\Jobs\ExportCsvTest" classname="Tests.Feature.Exports.Jobs.ExportCsvTest" assertions="1" time="0.027468"/>
        <testcase name="`ExportCsv Job` → it prevents successful_rows from exceeding total_rows" file="tests/Feature/Exports/Jobs/ExportCsvTest.php::`ExportCsv Job` → it prevents successful_rows from exceeding total_rows" class="Tests\Feature\Exports\Jobs\ExportCsvTest" classname="Tests.Feature.Exports.Jobs.ExportCsvTest" assertions="1" time="0.023118"/>
        <testcase name="`ExportCsv Job` → it prevents processed_rows from exceeding total_rows" file="tests/Feature/Exports/Jobs/ExportCsvTest.php::`ExportCsv Job` → it prevents processed_rows from exceeding total_rows" class="Tests\Feature\Exports\Jobs\ExportCsvTest" classname="Tests.Feature.Exports.Jobs.ExportCsvTest" assertions="1" time="0.024892"/>
        <testcase name="`ExportCsv Job` → it handles exceptions when processing records" file="tests/Feature/Exports/Jobs/ExportCsvTest.php::`ExportCsv Job` → it handles exceptions when processing records" class="Tests\Feature\Exports\Jobs\ExportCsvTest" classname="Tests.Feature.Exports.Jobs.ExportCsvTest" assertions="2" time="0.024753"/>
        <testcase name="`ExportCsv Job` → it returns correct backoff" file="tests/Feature/Exports/Jobs/ExportCsvTest.php::`ExportCsv Job` → it returns correct backoff" class="Tests\Feature\Exports\Jobs\ExportCsvTest" classname="Tests.Feature.Exports.Jobs.ExportCsvTest" assertions="1" time="0.021689"/>
      </testsuite>
    </testsuite>
  </testsuite>
</testsuites>
