<?xml version="1.0" encoding="UTF-8"?>
<testsuites>
  <testsuite name="/home/osama/htdocs/laravel-exports/phpunit.xml" tests="138" assertions="195" errors="0" failures="0" skipped="0" time="3.428013">
    <testsuite name="Laravel Exports Test Suite" tests="138" assertions="195" errors="0" failures="0" skipped="0" time="3.428013">
      <testsuite name="Tests\Unit\Exports\ExporterTest" file="tests/Unit/Exports/ExporterTest.php" tests="17" assertions="18" errors="0" failures="0" skipped="0" time="0.826123">
        <testcase name="`Exporter` → it can get csv delimiter" file="tests/Unit/Exports/ExporterTest.php::`Exporter` → it can get csv delimiter" class="Tests\Unit\Exports\ExporterTest" classname="Tests.Unit.Exports.ExporterTest" assertions="1" time="0.322926"/>
        <testcase name="`Exporter` → it can get options" file="tests/Unit/Exports/ExporterTest.php::`Exporter` → it can get options" class="Tests\Unit\Exports\ExporterTest" classname="Tests.Unit.Exports.ExporterTest" assertions="1" time="0.070036"/>
        <testcase name="`Exporter` → it can get completed notification title" file="tests/Unit/Exports/ExporterTest.php::`Exporter` → it can get completed notification title" class="Tests\Unit\Exports\ExporterTest" classname="Tests.Unit.Exports.ExporterTest" assertions="1" time="0.039976"/>
        <testcase name="`Exporter` → it can get file disk from config" file="tests/Unit/Exports/ExporterTest.php::`Exporter` → it can get file disk from config" class="Tests\Unit\Exports\ExporterTest" classname="Tests.Unit.Exports.ExporterTest" assertions="1" time="0.020882"/>
        <testcase name="`Exporter` → it can get formats" file="tests/Unit/Exports/ExporterTest.php::`Exporter` → it can get formats" class="Tests\Unit\Exports\ExporterTest" classname="Tests.Unit.Exports.ExporterTest" assertions="2" time="0.028639"/>
        <testcase name="`Exporter` → it can get record" file="tests/Unit/Exports/ExporterTest.php::`Exporter` → it can get record" class="Tests\Unit\Exports\ExporterTest" classname="Tests.Unit.Exports.ExporterTest" assertions="1" time="0.057827"/>
        <testcase name="`Exporter` → it can modify query" file="tests/Unit/Exports/ExporterTest.php::`Exporter` → it can modify query" class="Tests\Unit\Exports\ExporterTest" classname="Tests.Unit.Exports.ExporterTest" assertions="1" time="0.074431"/>
        <testcase name="`Exporter` → it can get xlsx cell style" file="tests/Unit/Exports/ExporterTest.php::`Exporter` → it can get xlsx cell style" class="Tests\Unit\Exports\ExporterTest" classname="Tests.Unit.Exports.ExporterTest" assertions="1" time="0.029232"/>
        <testcase name="`Exporter` → it can get xlsx header cell style" file="tests/Unit/Exports/ExporterTest.php::`Exporter` → it can get xlsx header cell style" class="Tests\Unit\Exports\ExporterTest" classname="Tests.Unit.Exports.ExporterTest" assertions="1" time="0.044116"/>
        <testcase name="`Exporter` → it can get job batch name" file="tests/Unit/Exports/ExporterTest.php::`Exporter` → it can get job batch name" class="Tests\Unit\Exports\ExporterTest" classname="Tests.Unit.Exports.ExporterTest" assertions="1" time="0.017226"/>
        <testcase name="`Exporter` → it can get xlsx writer options" file="tests/Unit/Exports/ExporterTest.php::`Exporter` → it can get xlsx writer options" class="Tests\Unit\Exports\ExporterTest" classname="Tests.Unit.Exports.ExporterTest" assertions="1" time="0.018576"/>
        <testcase name="`Exporter` → it can make xlsx header row" file="tests/Unit/Exports/ExporterTest.php::`Exporter` → it can make xlsx header row" class="Tests\Unit\Exports\ExporterTest" classname="Tests.Unit.Exports.ExporterTest" assertions="1" time="0.017734"/>
        <testcase name="`Exporter` → it can generate file name" file="tests/Unit/Exports/ExporterTest.php::`Exporter` → it can generate file name" class="Tests\Unit\Exports\ExporterTest" classname="Tests.Unit.Exports.ExporterTest" assertions="1" time="0.015091"/>
        <testcase name="`Exporter` → it can get job queue" file="tests/Unit/Exports/ExporterTest.php::`Exporter` → it can get job queue" class="Tests\Unit\Exports\ExporterTest" classname="Tests.Unit.Exports.ExporterTest" assertions="1" time="0.014245"/>
        <testcase name="`Exporter` → it can make xlsx row" file="tests/Unit/Exports/ExporterTest.php::`Exporter` → it can make xlsx row" class="Tests\Unit\Exports\ExporterTest" classname="Tests.Unit.Exports.ExporterTest" assertions="1" time="0.015077"/>
        <testcase name="`Exporter` → it can get job connection" file="tests/Unit/Exports/ExporterTest.php::`Exporter` → it can get job connection" class="Tests\Unit\Exports\ExporterTest" classname="Tests.Unit.Exports.ExporterTest" assertions="1" time="0.013586"/>
        <testcase name="`Exporter` → it can configure xlsx writer before close" file="tests/Unit/Exports/ExporterTest.php::`Exporter` → it can configure xlsx writer before close" class="Tests\Unit\Exports\ExporterTest" classname="Tests.Unit.Exports.ExporterTest" assertions="1" time="0.026521"/>
      </testsuite>
      <testsuite name="Tests\Feature\Exports\Jobs\ExportCompletionTest" file="tests/Feature/Exports/Jobs/ExportCompletionTest.php" tests="2" assertions="3" errors="0" failures="0" skipped="0" time="0.066607">
        <testcase name="`ExportCompletion Job` → it dispatches export completed event" file="tests/Feature/Exports/Jobs/ExportCompletionTest.php::`ExportCompletion Job` → it dispatches export completed event" class="Tests\Feature\Exports\Jobs\ExportCompletionTest" classname="Tests.Feature.Exports.Jobs.ExportCompletionTest" assertions="1" time="0.042482"/>
        <testcase name="`ExportCompletion Job` → it updates export status to completed" file="tests/Feature/Exports/Jobs/ExportCompletionTest.php::`ExportCompletion Job` → it updates export status to completed" class="Tests\Feature\Exports\Jobs\ExportCompletionTest" classname="Tests.Feature.Exports.Jobs.ExportCompletionTest" assertions="2" time="0.024124"/>
      </testsuite>
      <testsuite name="Tests\Unit\Exports\ExportColumnTest" file="tests/Unit/Exports/ExportColumnTest.php" tests="13" assertions="18" errors="0" failures="0" skipped="0" time="0.279035">
        <testcase name="`ExportColumn` → it can format state with limit" file="tests/Unit/Exports/ExportColumnTest.php::`ExportColumn` → it can format state with limit" class="Tests\Unit\Exports\ExportColumnTest" classname="Tests.Unit.Exports.ExportColumnTest" assertions="3" time="0.029257"/>
        <testcase name="`ExportColumn` → it can aggregate relationships with sum" file="tests/Unit/Exports/ExportColumnTest.php::`ExportColumn` → it can aggregate relationships with sum" class="Tests\Unit\Exports\ExportColumnTest" classname="Tests.Unit.Exports.ExportColumnTest" assertions="2" time="0.015929"/>
        <testcase name="`ExportColumn` → it can set enabled by default" file="tests/Unit/Exports/ExportColumnTest.php::`ExportColumn` → it can set enabled by default" class="Tests\Unit\Exports\ExportColumnTest" classname="Tests.Unit.Exports.ExportColumnTest" assertions="1" time="0.015514"/>
        <testcase name="`ExportColumn` → it can use separator for string values" file="tests/Unit/Exports/ExportColumnTest.php::`ExportColumn` → it can use separator for string values" class="Tests\Unit\Exports\ExportColumnTest" classname="Tests.Unit.Exports.ExportColumnTest" assertions="1" time="0.021089"/>
        <testcase name="`ExportColumn` → it can aggregate relationships with avg" file="tests/Unit/Exports/ExportColumnTest.php::`ExportColumn` → it can aggregate relationships with avg" class="Tests\Unit\Exports\ExportColumnTest" classname="Tests.Unit.Exports.ExportColumnTest" assertions="2" time="0.019373"/>
        <testcase name="`ExportColumn` → it can set prefix and suffix" file="tests/Unit/Exports/ExportColumnTest.php::`ExportColumn` → it can set prefix and suffix" class="Tests\Unit\Exports\ExportColumnTest" classname="Tests.Unit.Exports.ExportColumnTest" assertions="1" time="0.020355"/>
        <testcase name="`ExportColumn` → it can be created with make method" file="tests/Unit/Exports/ExportColumnTest.php::`ExportColumn` → it can be created with make method" class="Tests\Unit\Exports\ExportColumnTest" classname="Tests.Unit.Exports.ExportColumnTest" assertions="2" time="0.018019"/>
        <testcase name="`ExportColumn` → it can set state using callback" file="tests/Unit/Exports/ExportColumnTest.php::`ExportColumn` → it can set state using callback" class="Tests\Unit\Exports\ExportColumnTest" classname="Tests.Unit.Exports.ExportColumnTest" assertions="1" time="0.023108"/>
        <testcase name="`ExportColumn` → it can set label" file="tests/Unit/Exports/ExportColumnTest.php::`ExportColumn` → it can set label" class="Tests\Unit\Exports\ExportColumnTest" classname="Tests.Unit.Exports.ExportColumnTest" assertions="1" time="0.020385"/>
        <testcase name="`ExportColumn` → it generates label from name if not set" file="tests/Unit/Exports/ExportColumnTest.php::`ExportColumn` → it generates label from name if not set" class="Tests\Unit\Exports\ExportColumnTest" classname="Tests.Unit.Exports.ExportColumnTest" assertions="1" time="0.017463"/>
        <testcase name="`ExportColumn` → it can aggregate relationships with counts" file="tests/Unit/Exports/ExportColumnTest.php::`ExportColumn` → it can aggregate relationships with counts" class="Tests\Unit\Exports\ExportColumnTest" classname="Tests.Unit.Exports.ExportColumnTest" assertions="1" time="0.017564"/>
        <testcase name="`ExportColumn` → it throws exception when name is blank" file="tests/Unit/Exports/ExportColumnTest.php::`ExportColumn` → it throws exception when name is blank" class="Tests\Unit\Exports\ExportColumnTest" classname="Tests.Unit.Exports.ExportColumnTest" assertions="1" time="0.021509"/>
        <testcase name="`ExportColumn` → it can set default state" file="tests/Unit/Exports/ExportColumnTest.php::`ExportColumn` → it can set default state" class="Tests\Unit\Exports\ExportColumnTest" classname="Tests.Unit.Exports.ExportColumnTest" assertions="1" time="0.039471"/>
      </testsuite>
      <testsuite name="Tests\Unit\Exports\Facades\ExportTest" file="tests/Unit/Exports/Facades/ExportTest.php" tests="2" assertions="2" errors="0" failures="0" skipped="0" time="0.058847">
        <testcase name="`Export Facade` → it can access exporter method" file="tests/Unit/Exports/Facades/ExportTest.php::`Export Facade` → it can access exporter method" class="Tests\Unit\Exports\Facades\ExportTest" classname="Tests.Unit.Exports.Facades.ExportTest" assertions="1" time="0.038333"/>
        <testcase name="`Export Facade` → it can chain methods" file="tests/Unit/Exports/Facades/ExportTest.php::`Export Facade` → it can chain methods" class="Tests\Unit\Exports\Facades\ExportTest" classname="Tests.Unit.Exports.Facades.ExportTest" assertions="1" time="0.020514"/>
      </testsuite>
      <testsuite name="Tests\Feature\Exports\Jobs\ExportCsvTest" file="tests/Feature/Exports/Jobs/ExportCsvTest.php" tests="11" assertions="17" errors="0" failures="0" skipped="0" time="0.407150">
        <testcase name="`ExportCsv Job` → it handles exceptions when processing records" file="tests/Feature/Exports/Jobs/ExportCsvTest.php::`ExportCsv Job` → it handles exceptions when processing records" class="Tests\Feature\Exports\Jobs\ExportCsvTest" classname="Tests.Feature.Exports.Jobs.ExportCsvTest" assertions="2" time="0.048967"/>
        <testcase name="`ExportCsv Job` → it returns correct backoff" file="tests/Feature/Exports/Jobs/ExportCsvTest.php::`ExportCsv Job` → it returns correct backoff" class="Tests\Feature\Exports\Jobs\ExportCsvTest" classname="Tests.Feature.Exports.Jobs.ExportCsvTest" assertions="1" time="0.028831"/>
        <testcase name="`ExportCsv Job` → it prevents processed_rows from exceeding total_rows" file="tests/Feature/Exports/Jobs/ExportCsvTest.php::`ExportCsv Job` → it prevents processed_rows from exceeding total_rows" class="Tests\Feature\Exports\Jobs\ExportCsvTest" classname="Tests.Feature.Exports.Jobs.ExportCsvTest" assertions="1" time="0.024782"/>
        <testcase name="`ExportCsv Job` → it returns correct tags" file="tests/Feature/Exports/Jobs/ExportCsvTest.php::`ExportCsv Job` → it returns correct tags" class="Tests\Feature\Exports\Jobs\ExportCsvTest" classname="Tests.Feature.Exports.Jobs.ExportCsvTest" assertions="2" time="0.021366"/>
        <testcase name="`ExportCsv Job` → it handles exceptions during record processing" file="tests/Feature/Exports/Jobs/ExportCsvTest.php::`ExportCsv Job` → it handles exceptions during record processing" class="Tests\Feature\Exports\Jobs\ExportCsvTest" classname="Tests.Feature.Exports.Jobs.ExportCsvTest" assertions="2" time="0.050399"/>
        <testcase name="`ExportCsv Job` → it returns correct retry until time" file="tests/Feature/Exports/Jobs/ExportCsvTest.php::`ExportCsv Job` → it returns correct retry until time" class="Tests\Feature\Exports\Jobs\ExportCsvTest" classname="Tests.Feature.Exports.Jobs.ExportCsvTest" assertions="1" time="0.037469"/>
        <testcase name="`ExportCsv Job` → it sets authenticated user when creator exists" file="tests/Feature/Exports/Jobs/ExportCsvTest.php::`ExportCsv Job` → it sets authenticated user when creator exists" class="Tests\Feature\Exports\Jobs\ExportCsvTest" classname="Tests.Feature.Exports.Jobs.ExportCsvTest" assertions="1" time="0.043222"/>
        <testcase name="`ExportCsv Job` → it can process records and create csv file" file="tests/Feature/Exports/Jobs/ExportCsvTest.php::`ExportCsv Job` → it can process records and create csv file" class="Tests\Feature\Exports\Jobs\ExportCsvTest" classname="Tests.Feature.Exports.Jobs.ExportCsvTest" assertions="3" time="0.038219"/>
        <testcase name="`ExportCsv Job` → it prevents successful_rows from exceeding total_rows" file="tests/Feature/Exports/Jobs/ExportCsvTest.php::`ExportCsv Job` → it prevents successful_rows from exceeding total_rows" class="Tests\Feature\Exports\Jobs\ExportCsvTest" classname="Tests.Feature.Exports.Jobs.ExportCsvTest" assertions="1" time="0.059409"/>
        <testcase name="`ExportCsv Job` → it returns correct middleware" file="tests/Feature/Exports/Jobs/ExportCsvTest.php::`ExportCsv Job` → it returns correct middleware" class="Tests\Feature\Exports\Jobs\ExportCsvTest" classname="Tests.Feature.Exports.Jobs.ExportCsvTest" assertions="2" time="0.025560"/>
        <testcase name="`ExportCsv Job` → it creates zero-padded file names" file="tests/Feature/Exports/Jobs/ExportCsvTest.php::`ExportCsv Job` → it creates zero-padded file names" class="Tests\Feature\Exports\Jobs\ExportCsvTest" classname="Tests.Feature.Exports.Jobs.ExportCsvTest" assertions="1" time="0.028926"/>
      </testsuite>
      <testsuite name="Tests\Feature\Exports\Downloaders\XlsxDownloaderTest" file="tests/Feature/Exports/Downloaders/XlsxDownloaderTest.php" tests="5" assertions="7" errors="0" failures="0" skipped="0" time="0.178027">
        <testcase name="`XlsxDownloader` → it can stream xlsx from csv files when xlsx does not exist" file="tests/Feature/Exports/Downloaders/XlsxDownloaderTest.php::`XlsxDownloader` → it can stream xlsx from csv files when xlsx does not exist" class="Tests\Feature\Exports\Downloaders\XlsxDownloaderTest" classname="Tests.Feature.Exports.Downloaders.XlsxDownloaderTest" assertions="2" time="0.068177"/>
        <testcase name="`XlsxDownloader` → it aborts with 404 when directory does not exist" file="tests/Feature/Exports/Downloaders/XlsxDownloaderTest.php::`XlsxDownloader` → it aborts with 404 when directory does not exist" class="Tests\Feature\Exports\Downloaders\XlsxDownloaderTest" classname="Tests.Feature.Exports.Downloaders.XlsxDownloaderTest" assertions="1" time="0.024770"/>
        <testcase name="`XlsxDownloader` → it can download existing xlsx file" file="tests/Feature/Exports/Downloaders/XlsxDownloaderTest.php::`XlsxDownloader` → it can download existing xlsx file" class="Tests\Feature\Exports\Downloaders\XlsxDownloaderTest" classname="Tests.Feature.Exports.Downloaders.XlsxDownloaderTest" assertions="1" time="0.028349"/>
        <testcase name="`XlsxDownloader` → it skips non-csv files when streaming from csv" file="tests/Feature/Exports/Downloaders/XlsxDownloaderTest.php::`XlsxDownloader` → it skips non-csv files when streaming from csv" class="Tests\Feature\Exports\Downloaders\XlsxDownloaderTest" classname="Tests.Feature.Exports.Downloaders.XlsxDownloaderTest" assertions="1" time="0.029201"/>
        <testcase name="`XlsxDownloader` → it returns either StreamedResponse or StreamedResponse (example of OR pattern)" file="tests/Feature/Exports/Downloaders/XlsxDownloaderTest.php::`XlsxDownloader` → it returns either StreamedResponse or StreamedResponse (example of OR pattern)" class="Tests\Feature\Exports\Downloaders\XlsxDownloaderTest" classname="Tests.Feature.Exports.Downloaders.XlsxDownloaderTest" assertions="2" time="0.027530"/>
      </testsuite>
      <testsuite name="Tests\Unit\Exports\Enums\ExportStatusTest" file="tests/Unit/Exports/Enums/ExportStatusTest.php" tests="2" assertions="9" errors="0" failures="0" skipped="0" time="0.051053">
        <testcase name="`ExportStatus` → it can be created from string value" file="tests/Unit/Exports/Enums/ExportStatusTest.php::`ExportStatus` → it can be created from string value" class="Tests\Unit\Exports\Enums\ExportStatusTest" classname="Tests.Unit.Exports.Enums.ExportStatusTest" assertions="4" time="0.025290"/>
        <testcase name="`ExportStatus` → it has all required cases" file="tests/Unit/Exports/Enums/ExportStatusTest.php::`ExportStatus` → it has all required cases" class="Tests\Unit\Exports\Enums\ExportStatusTest" classname="Tests.Unit.Exports.Enums.ExportStatusTest" assertions="5" time="0.025762"/>
      </testsuite>
      <testsuite name="Tests\Feature\Exports\ExportManagerTest" file="tests/Feature/Exports/ExportManagerTest.php" tests="12" assertions="16" errors="0" failures="0" skipped="0" time="0.294979">
        <testcase name="`ExportManager` → it throws exception when max rows is exceeded" file="tests/Feature/Exports/ExportManagerTest.php::`ExportManager` → it throws exception when max rows is exceeded" class="Tests\Feature\Exports\ExportManagerTest" classname="Tests.Feature.Exports.ExportManagerTest" assertions="2" time="0.025823"/>
        <testcase name="`ExportManager` → it can modify query using closure" file="tests/Feature/Exports/ExportManagerTest.php::`ExportManager` → it can modify query using closure" class="Tests\Feature\Exports\ExportManagerTest" classname="Tests.Feature.Exports.ExportManagerTest" assertions="1" time="0.033204"/>
        <testcase name="`ExportManager` → it can start export with specific records" file="tests/Feature/Exports/ExportManagerTest.php::`ExportManager` → it can start export with specific records" class="Tests\Feature\Exports\ExportManagerTest" classname="Tests.Feature.Exports.ExportManagerTest" assertions="1" time="0.025649"/>
        <testcase name="`ExportManager` → it can start export with default settings" file="tests/Feature/Exports/ExportManagerTest.php::`ExportManager` → it can start export with default settings" class="Tests\Feature\Exports\ExportManagerTest" classname="Tests.Feature.Exports.ExportManagerTest" assertions="3" time="0.022172"/>
        <testcase name="`ExportManager` → it can associate creator with export" file="tests/Feature/Exports/ExportManagerTest.php::`ExportManager` → it can associate creator with export" class="Tests\Feature\Exports\ExportManagerTest" classname="Tests.Feature.Exports.ExportManagerTest" assertions="2" time="0.024723"/>
        <testcase name="`ExportManager` → it can set custom file name" file="tests/Feature/Exports/ExportManagerTest.php::`ExportManager` → it can set custom file name" class="Tests\Feature\Exports\ExportManagerTest" classname="Tests.Feature.Exports.ExportManagerTest" assertions="1" time="0.028366"/>
        <testcase name="`ExportManager` → it can set custom file disk" file="tests/Feature/Exports/ExportManagerTest.php::`ExportManager` → it can set custom file disk" class="Tests\Feature\Exports\ExportManagerTest" classname="Tests.Feature.Exports.ExportManagerTest" assertions="1" time="0.023632"/>
        <testcase name="`ExportManager` → it can set options" file="tests/Feature/Exports/ExportManagerTest.php::`ExportManager` → it can set options" class="Tests\Feature\Exports\ExportManagerTest" classname="Tests.Feature.Exports.ExportManagerTest" assertions="1" time="0.021511"/>
        <testcase name="`ExportManager` → it can set chunk size" file="tests/Feature/Exports/ExportManagerTest.php::`ExportManager` → it can set chunk size" class="Tests\Feature\Exports\ExportManagerTest" classname="Tests.Feature.Exports.ExportManagerTest" assertions="1" time="0.023134"/>
        <testcase name="`ExportManager` → it can start export with column map" file="tests/Feature/Exports/ExportManagerTest.php::`ExportManager` → it can start export with column map" class="Tests\Feature\Exports\ExportManagerTest" classname="Tests.Feature.Exports.ExportManagerTest" assertions="1" time="0.023970"/>
        <testcase name="`ExportManager` → it can set formats" file="tests/Feature/Exports/ExportManagerTest.php::`ExportManager` → it can set formats" class="Tests\Feature\Exports\ExportManagerTest" classname="Tests.Feature.Exports.ExportManagerTest" assertions="1" time="0.019744"/>
        <testcase name="`ExportManager` → it can set max rows" file="tests/Feature/Exports/ExportManagerTest.php::`ExportManager` → it can set max rows" class="Tests\Feature\Exports\ExportManagerTest" classname="Tests.Feature.Exports.ExportManagerTest" assertions="1" time="0.023051"/>
      </testsuite>
      <testsuite name="Tests\Unit\Exports\Models\ExportTest" file="tests/Unit/Exports/Models/ExportTest.php" tests="14" assertions="22" errors="0" failures="0" skipped="0" time="0.248104">
        <testcase name="`Export Model` → it returns 0 when processed rows is 0" file="tests/Unit/Exports/Models/ExportTest.php::`Export Model` → it returns 0 when processed rows is 0" class="Tests\Unit\Exports\Models\ExportTest" classname="Tests.Unit.Exports.Models.ExportTest" assertions="1" time="0.030032"/>
        <testcase name="`Export Model` → it can download export file" file="tests/Unit/Exports/Models/ExportTest.php::`Export Model` → it can download export file" class="Tests\Unit\Exports\Models\ExportTest" classname="Tests.Unit.Exports.Models.ExportTest" assertions="1" time="0.024464"/>
        <testcase name="`Export Model` → it handles when processed rows exceed total rows" file="tests/Unit/Exports/Models/ExportTest.php::`Export Model` → it handles when processed rows exceed total rows" class="Tests\Unit\Exports\Models\ExportTest" classname="Tests.Unit.Exports.Models.ExportTest" assertions="1" time="0.016433"/>
        <testcase name="`Export Model` → it returns 50 when half is processed" file="tests/Unit/Exports/Models/ExportTest.php::`Export Model` → it returns 50 when half is processed" class="Tests\Unit\Exports\Models\ExportTest" classname="Tests.Unit.Exports.Models.ExportTest" assertions="1" time="0.015927"/>
        <testcase name="`Export Model` → it returns 0 when total rows is 0" file="tests/Unit/Exports/Models/ExportTest.php::`Export Model` → it returns 0 when total rows is 0" class="Tests\Unit\Exports\Models\ExportTest" classname="Tests.Unit.Exports.Models.ExportTest" assertions="1" time="0.018150"/>
        <testcase name="`Export Model` → it rounds to 2 decimal places" file="tests/Unit/Exports/Models/ExportTest.php::`Export Model` → it rounds to 2 decimal places" class="Tests\Unit\Exports\Models\ExportTest" classname="Tests.Unit.Exports.Models.ExportTest" assertions="2" time="0.014365"/>
        <testcase name="`Export Model` → it returns 100 when export is completed" file="tests/Unit/Exports/Models/ExportTest.php::`Export Model` → it returns 100 when export is completed" class="Tests\Unit\Exports\Models\ExportTest" classname="Tests.Unit.Exports.Models.ExportTest" assertions="1" time="0.013994"/>
        <testcase name="`Export Model` → it calculates failed rows count correctly" file="tests/Unit/Exports/Models/ExportTest.php::`Export Model` → it calculates failed rows count correctly" class="Tests\Unit\Exports\Models\ExportTest" classname="Tests.Unit.Exports.Models.ExportTest" assertions="1" time="0.014442"/>
        <testcase name="`Export Model` → it returns file disk instance" file="tests/Unit/Exports/Models/ExportTest.php::`Export Model` → it returns file disk instance" class="Tests\Unit\Exports\Models\ExportTest" classname="Tests.Unit.Exports.Models.ExportTest" assertions="1" time="0.014355"/>
        <testcase name="`Export Model` → it returns correct percentage for partial progress" file="tests/Unit/Exports/Models/ExportTest.php::`Export Model` → it returns correct percentage for partial progress" class="Tests\Unit\Exports\Models\ExportTest" classname="Tests.Unit.Exports.Models.ExportTest" assertions="1" time="0.016024"/>
        <testcase name="`Export Model` → it can be created" file="tests/Unit/Exports/Models/ExportTest.php::`Export Model` → it can be created" class="Tests\Unit\Exports\Models\ExportTest" classname="Tests.Unit.Exports.Models.ExportTest" assertions="6" time="0.015904"/>
        <testcase name="`Export Model` → it casts status to enum" file="tests/Unit/Exports/Models/ExportTest.php::`Export Model` → it casts status to enum" class="Tests\Unit\Exports\Models\ExportTest" classname="Tests.Unit.Exports.Models.ExportTest" assertions="2" time="0.018297"/>
        <testcase name="`Export Model` → it can delete file directory" file="tests/Unit/Exports/Models/ExportTest.php::`Export Model` → it can delete file directory" class="Tests\Unit\Exports\Models\ExportTest" classname="Tests.Unit.Exports.Models.ExportTest" assertions="2" time="0.018430"/>
        <testcase name="`Export Model` → it generates correct file directory path" file="tests/Unit/Exports/Models/ExportTest.php::`Export Model` → it generates correct file directory path" class="Tests\Unit\Exports\Models\ExportTest" classname="Tests.Unit.Exports.Models.ExportTest" assertions="1" time="0.017287"/>
      </testsuite>
      <testsuite name="Tests\Feature\Exports\Jobs\CreateXlsxFileTest" file="tests/Feature/Exports/Jobs/CreateXlsxFileTest.php" tests="3" assertions="4" errors="0" failures="0" skipped="0" time="0.080611">
        <testcase name="`CreateXlsxFile Job` → it creates xlsx file from csv chunks" file="tests/Feature/Exports/Jobs/CreateXlsxFileTest.php::`CreateXlsxFile Job` → it creates xlsx file from csv chunks" class="Tests\Feature\Exports\Jobs\CreateXlsxFileTest" classname="Tests.Feature.Exports.Jobs.CreateXlsxFileTest" assertions="1" time="0.037980"/>
        <testcase name="`CreateXlsxFile Job` → it skips non-csv files" file="tests/Feature/Exports/Jobs/CreateXlsxFileTest.php::`CreateXlsxFile Job` → it skips non-csv files" class="Tests\Feature\Exports\Jobs\CreateXlsxFileTest" classname="Tests.Feature.Exports.Jobs.CreateXlsxFileTest" assertions="1" time="0.021529"/>
        <testcase name="`CreateXlsxFile Job` → it skips headers.csv when processing chunks" file="tests/Feature/Exports/Jobs/CreateXlsxFileTest.php::`CreateXlsxFile Job` → it skips headers.csv when processing chunks" class="Tests\Feature\Exports\Jobs\CreateXlsxFileTest" classname="Tests.Feature.Exports.Jobs.CreateXlsxFileTest" assertions="2" time="0.021102"/>
      </testsuite>
      <testsuite name="Tests\Unit\Exports\Concerns\CanFormatStateTest" file="tests/Unit/Exports/Concerns/CanFormatStateTest.php" tests="39" assertions="50" errors="0" failures="0" skipped="0" time="0.601148">
        <testcase name="`CanFormatState Trait` → it can format array state as comma separated" file="tests/Unit/Exports/Concerns/CanFormatStateTest.php::`CanFormatState Trait` → it can format array state as comma separated" class="Tests\Unit\Exports\Concerns\CanFormatStateTest" classname="Tests.Unit.Exports.Concerns.CanFormatStateTest" assertions="1" time="0.017253"/>
        <testcase name="`CanFormatState Trait` → it evaluates closures correctly" file="tests/Unit/Exports/Concerns/CanFormatStateTest.php::`CanFormatState Trait` → it evaluates closures correctly" class="Tests\Unit\Exports\Concerns\CanFormatStateTest" classname="Tests.Unit.Exports.Concerns.CanFormatStateTest" assertions="1" time="0.016820"/>
        <testcase name="`CanFormatState Trait` → it handles blank check with countable empty array" file="tests/Unit/Exports/Concerns/CanFormatStateTest.php::`CanFormatState Trait` → it handles blank check with countable empty array" class="Tests\Unit\Exports\Concerns\CanFormatStateTest" classname="Tests.Unit.Exports.Concerns.CanFormatStateTest" assertions="1" time="0.014854"/>
        <testcase name="`CanFormatState Trait` → it can format array state as json" file="tests/Unit/Exports/Concerns/CanFormatStateTest.php::`CanFormatState Trait` → it can format array state as json" class="Tests\Unit\Exports\Concerns\CanFormatStateTest" classname="Tests.Unit.Exports.Concerns.CanFormatStateTest" assertions="1" time="0.013952"/>
        <testcase name="`CanFormatState Trait` → it can use formatStateUsing callback" file="tests/Unit/Exports/Concerns/CanFormatStateTest.php::`CanFormatState Trait` → it can use formatStateUsing callback" class="Tests\Unit\Exports\Concerns\CanFormatStateTest" classname="Tests.Unit.Exports.Concerns.CanFormatStateTest" assertions="1" time="0.014466"/>
        <testcase name="`CanFormatState Trait` → it handles blank check with numeric zero" file="tests/Unit/Exports/Concerns/CanFormatStateTest.php::`CanFormatState Trait` → it handles blank check with numeric zero" class="Tests\Unit\Exports\Concerns\CanFormatStateTest" classname="Tests.Unit.Exports.Concerns.CanFormatStateTest" assertions="1" time="0.015711"/>
        <testcase name="`CanFormatState Trait` → it can use closures for character limit end" file="tests/Unit/Exports/Concerns/CanFormatStateTest.php::`CanFormatState Trait` → it can use closures for character limit end" class="Tests\Unit\Exports\Concerns\CanFormatStateTest" classname="Tests.Unit.Exports.Concerns.CanFormatStateTest" assertions="1" time="0.014579"/>
        <testcase name="`CanFormatState Trait` → it can use closures for word limit" file="tests/Unit/Exports/Concerns/CanFormatStateTest.php::`CanFormatState Trait` → it can use closures for word limit" class="Tests\Unit\Exports\Concerns\CanFormatStateTest" classname="Tests.Unit.Exports.Concerns.CanFormatStateTest" assertions="1" time="0.018240"/>
        <testcase name="`CanFormatState Trait` → it handles null prefix and suffix" file="tests/Unit/Exports/Concerns/CanFormatStateTest.php::`CanFormatState Trait` → it handles null prefix and suffix" class="Tests\Unit\Exports\Concerns\CanFormatStateTest" classname="Tests.Unit.Exports.Concerns.CanFormatStateTest" assertions="1" time="0.015215"/>
        <testcase name="`CanFormatState Trait` → it can use closures for suffix" file="tests/Unit/Exports/Concerns/CanFormatStateTest.php::`CanFormatState Trait` → it can use closures for suffix" class="Tests\Unit\Exports\Concerns\CanFormatStateTest" classname="Tests.Unit.Exports.Concerns.CanFormatStateTest" assertions="1" time="0.014401"/>
        <testcase name="`CanFormatState Trait` → it handles blank check with countable non-empty array" file="tests/Unit/Exports/Concerns/CanFormatStateTest.php::`CanFormatState Trait` → it handles blank check with countable non-empty array" class="Tests\Unit\Exports\Concerns\CanFormatStateTest" classname="Tests.Unit.Exports.Concerns.CanFormatStateTest" assertions="2" time="0.014765"/>
        <testcase name="`CanFormatState Trait` → it evaluates non-closure values correctly" file="tests/Unit/Exports/Concerns/CanFormatStateTest.php::`CanFormatState Trait` → it evaluates non-closure values correctly" class="Tests\Unit\Exports\Concerns\CanFormatStateTest" classname="Tests.Unit.Exports.Concerns.CanFormatStateTest" assertions="1" time="0.014383"/>
        <testcase name="`CanFormatState Trait` → it can format array state with formatting applied to each element" file="tests/Unit/Exports/Concerns/CanFormatStateTest.php::`CanFormatState Trait` → it can format array state with formatting applied to each element" class="Tests\Unit\Exports\Concerns\CanFormatStateTest" classname="Tests.Unit.Exports.Concerns.CanFormatStateTest" assertions="4" time="0.018846"/>
        <testcase name="`CanFormatState Trait` → it handles blank check with whitespace string" file="tests/Unit/Exports/Concerns/CanFormatStateTest.php::`CanFormatState Trait` → it handles blank check with whitespace string" class="Tests\Unit\Exports\Concerns\CanFormatStateTest" classname="Tests.Unit.Exports.Concerns.CanFormatStateTest" assertions="1" time="0.014360"/>
        <testcase name="`CanFormatState Trait` → it can format array state with getFormattedState as json" file="tests/Unit/Exports/Concerns/CanFormatStateTest.php::`CanFormatState Trait` → it can format array state with getFormattedState as json" class="Tests\Unit\Exports\Concerns\CanFormatStateTest" classname="Tests.Unit.Exports.Concerns.CanFormatStateTest" assertions="2" time="0.015577"/>
        <testcase name="`CanFormatState Trait` → it can set and check listAsJson" file="tests/Unit/Exports/Concerns/CanFormatStateTest.php::`CanFormatState Trait` → it can set and check listAsJson" class="Tests\Unit\Exports\Concerns\CanFormatStateTest" classname="Tests.Unit.Exports.Concerns.CanFormatStateTest" assertions="2" time="0.014453"/>
        <testcase name="`CanFormatState Trait` → it can set and get word limit end" file="tests/Unit/Exports/Concerns/CanFormatStateTest.php::`CanFormatState Trait` → it can set and get word limit end" class="Tests\Unit\Exports\Concerns\CanFormatStateTest" classname="Tests.Unit.Exports.Concerns.CanFormatStateTest" assertions="1" time="0.014249"/>
        <testcase name="`CanFormatState Trait` → it can use closures for prefix" file="tests/Unit/Exports/Concerns/CanFormatStateTest.php::`CanFormatState Trait` → it can use closures for prefix" class="Tests\Unit\Exports\Concerns\CanFormatStateTest" classname="Tests.Unit.Exports.Concerns.CanFormatStateTest" assertions="1" time="0.017090"/>
        <testcase name="`CanFormatState Trait` → it can format state with word limit" file="tests/Unit/Exports/Concerns/CanFormatStateTest.php::`CanFormatState Trait` → it can format state with word limit" class="Tests\Unit\Exports\Concerns\CanFormatStateTest" classname="Tests.Unit.Exports.Concerns.CanFormatStateTest" assertions="1" time="0.014991"/>
        <testcase name="`CanFormatState Trait` → it can set and get character limit end" file="tests/Unit/Exports/Concerns/CanFormatStateTest.php::`CanFormatState Trait` → it can set and get character limit end" class="Tests\Unit\Exports\Concerns\CanFormatStateTest" classname="Tests.Unit.Exports.Concerns.CanFormatStateTest" assertions="1" time="0.013964"/>
        <testcase name="`CanFormatState Trait` → it can format state with prefix and suffix" file="tests/Unit/Exports/Concerns/CanFormatStateTest.php::`CanFormatState Trait` → it can format state with prefix and suffix" class="Tests\Unit\Exports\Concerns\CanFormatStateTest" classname="Tests.Unit.Exports.Concerns.CanFormatStateTest" assertions="1" time="0.014402"/>
        <testcase name="`CanFormatState Trait` → it handles blank check with boolean false" file="tests/Unit/Exports/Concerns/CanFormatStateTest.php::`CanFormatState Trait` → it handles blank check with boolean false" class="Tests\Unit\Exports\Concerns\CanFormatStateTest" classname="Tests.Unit.Exports.Concerns.CanFormatStateTest" assertions="1" time="0.014358"/>
        <testcase name="`CanFormatState Trait` → it handles filled check with non-empty string" file="tests/Unit/Exports/Concerns/CanFormatStateTest.php::`CanFormatState Trait` → it handles filled check with non-empty string" class="Tests\Unit\Exports\Concerns\CanFormatStateTest" classname="Tests.Unit.Exports.Concerns.CanFormatStateTest" assertions="1" time="0.015704"/>
        <testcase name="`CanFormatState Trait` → it handles blank check with empty string" file="tests/Unit/Exports/Concerns/CanFormatStateTest.php::`CanFormatState Trait` → it handles blank check with empty string" class="Tests\Unit\Exports\Concerns\CanFormatStateTest" classname="Tests.Unit.Exports.Concerns.CanFormatStateTest" assertions="1" time="0.014167"/>
        <testcase name="`CanFormatState Trait` → it handles blank check with null" file="tests/Unit/Exports/Concerns/CanFormatStateTest.php::`CanFormatState Trait` → it handles blank check with null" class="Tests\Unit\Exports\Concerns\CanFormatStateTest" classname="Tests.Unit.Exports.Concerns.CanFormatStateTest" assertions="1" time="0.017460"/>
        <testcase name="`CanFormatState Trait` → it can use closures for word limit end" file="tests/Unit/Exports/Concerns/CanFormatStateTest.php::`CanFormatState Trait` → it can use closures for word limit end" class="Tests\Unit\Exports\Concerns\CanFormatStateTest" classname="Tests.Unit.Exports.Concerns.CanFormatStateTest" assertions="1" time="0.015054"/>
        <testcase name="`CanFormatState Trait` → it can format state with character limit" file="tests/Unit/Exports/Concerns/CanFormatStateTest.php::`CanFormatState Trait` → it can format state with character limit" class="Tests\Unit\Exports\Concerns\CanFormatStateTest" classname="Tests.Unit.Exports.Concerns.CanFormatStateTest" assertions="2" time="0.014356"/>
        <testcase name="`CanFormatState Trait` → it applies formatStateUsing before other formatting" file="tests/Unit/Exports/Concerns/CanFormatStateTest.php::`CanFormatState Trait` → it applies formatStateUsing before other formatting" class="Tests\Unit\Exports\Concerns\CanFormatStateTest" classname="Tests.Unit.Exports.Concerns.CanFormatStateTest" assertions="1" time="0.013646"/>
        <testcase name="`CanFormatState Trait` → it can format null state" file="tests/Unit/Exports/Concerns/CanFormatStateTest.php::`CanFormatState Trait` → it can format null state" class="Tests\Unit\Exports\Concerns\CanFormatStateTest" classname="Tests.Unit.Exports.Concerns.CanFormatStateTest" assertions="1" time="0.013591"/>
        <testcase name="`CanFormatState Trait` → it can use closures for character limit" file="tests/Unit/Exports/Concerns/CanFormatStateTest.php::`CanFormatState Trait` → it can use closures for character limit" class="Tests\Unit\Exports\Concerns\CanFormatStateTest" classname="Tests.Unit.Exports.Concerns.CanFormatStateTest" assertions="2" time="0.014509"/>
        <testcase name="`CanFormatState Trait` → it can set and get word limit" file="tests/Unit/Exports/Concerns/CanFormatStateTest.php::`CanFormatState Trait` → it can set and get word limit" class="Tests\Unit\Exports\Concerns\CanFormatStateTest" classname="Tests.Unit.Exports.Concerns.CanFormatStateTest" assertions="1" time="0.014632"/>
        <testcase name="`CanFormatState Trait` → it can format array state with getFormattedState as comma separated" file="tests/Unit/Exports/Concerns/CanFormatStateTest.php::`CanFormatState Trait` → it can format array state with getFormattedState as comma separated" class="Tests\Unit\Exports\Concerns\CanFormatStateTest" classname="Tests.Unit.Exports.Concerns.CanFormatStateTest" assertions="4" time="0.014845"/>
        <testcase name="`CanFormatState Trait` → it handles empty prefix and suffix" file="tests/Unit/Exports/Concerns/CanFormatStateTest.php::`CanFormatState Trait` → it handles empty prefix and suffix" class="Tests\Unit\Exports\Concerns\CanFormatStateTest" classname="Tests.Unit.Exports.Concerns.CanFormatStateTest" assertions="1" time="0.015396"/>
        <testcase name="`CanFormatState Trait` → it handles filled check with empty string" file="tests/Unit/Exports/Concerns/CanFormatStateTest.php::`CanFormatState Trait` → it handles filled check with empty string" class="Tests\Unit\Exports\Concerns\CanFormatStateTest" classname="Tests.Unit.Exports.Concerns.CanFormatStateTest" assertions="1" time="0.016270"/>
        <testcase name="`CanFormatState Trait` → it can set and get character limit" file="tests/Unit/Exports/Concerns/CanFormatStateTest.php::`CanFormatState Trait` → it can set and get character limit" class="Tests\Unit\Exports\Concerns\CanFormatStateTest" classname="Tests.Unit.Exports.Concerns.CanFormatStateTest" assertions="1" time="0.016441"/>
        <testcase name="`CanFormatState Trait` → it handles formatStateUsing with state parameter" file="tests/Unit/Exports/Concerns/CanFormatStateTest.php::`CanFormatState Trait` → it handles formatStateUsing with state parameter" class="Tests\Unit\Exports\Concerns\CanFormatStateTest" classname="Tests.Unit.Exports.Concerns.CanFormatStateTest" assertions="1" time="0.021042"/>
        <testcase name="`CanFormatState Trait` → it can format state with enum" file="tests/Unit/Exports/Concerns/CanFormatStateTest.php::`CanFormatState Trait` → it can format state with enum" class="Tests\Unit\Exports\Concerns\CanFormatStateTest" classname="Tests.Unit.Exports.Concerns.CanFormatStateTest" assertions="1" time="0.015955"/>
        <testcase name="`CanFormatState Trait` → it can set and get prefix" file="tests/Unit/Exports/Concerns/CanFormatStateTest.php::`CanFormatState Trait` → it can set and get prefix" class="Tests\Unit\Exports\Concerns\CanFormatStateTest" classname="Tests.Unit.Exports.Concerns.CanFormatStateTest" assertions="1" time="0.015791"/>
        <testcase name="`CanFormatState Trait` → it can set and get suffix" file="tests/Unit/Exports/Concerns/CanFormatStateTest.php::`CanFormatState Trait` → it can set and get suffix" class="Tests\Unit\Exports\Concerns\CanFormatStateTest" classname="Tests.Unit.Exports.Concerns.CanFormatStateTest" assertions="1" time="0.015359"/>
      </testsuite>
      <testsuite name="Tests\Feature\Exports\Downloaders\CsvDownloaderTest" file="tests/Feature/Exports/Downloaders/CsvDownloaderTest.php" tests="3" assertions="4" errors="0" failures="0" skipped="0" time="0.083894">
        <testcase name="`CsvDownloader` → it skips non-csv files when downloading" file="tests/Feature/Exports/Downloaders/CsvDownloaderTest.php::`CsvDownloader` → it skips non-csv files when downloading" class="Tests\Feature\Exports\Downloaders\CsvDownloaderTest" classname="Tests.Feature.Exports.Downloaders.CsvDownloaderTest" assertions="1" time="0.045975"/>
        <testcase name="`CsvDownloader` → it can download csv file" file="tests/Feature/Exports/Downloaders/CsvDownloaderTest.php::`CsvDownloader` → it can download csv file" class="Tests\Feature\Exports\Downloaders\CsvDownloaderTest" classname="Tests.Feature.Exports.Downloaders.CsvDownloaderTest" assertions="2" time="0.020037"/>
        <testcase name="`CsvDownloader` → it aborts with 404 when directory does not exist" file="tests/Feature/Exports/Downloaders/CsvDownloaderTest.php::`CsvDownloader` → it aborts with 404 when directory does not exist" class="Tests\Feature\Exports\Downloaders\CsvDownloaderTest" classname="Tests.Feature.Exports.Downloaders.CsvDownloaderTest" assertions="1" time="0.017882"/>
      </testsuite>
      <testsuite name="Tests\Unit\Exports\Enums\ExportFormatTest" file="tests/Unit/Exports/Enums/ExportFormatTest.php" tests="5" assertions="11" errors="0" failures="0" skipped="0" time="0.081038">
        <testcase name="`ExportFormat` → it can be created from string value" file="tests/Unit/Exports/Enums/ExportFormatTest.php::`ExportFormat` → it can be created from string value" class="Tests\Unit\Exports\Enums\ExportFormatTest" classname="Tests.Unit.Exports.Enums.ExportFormatTest" assertions="2" time="0.019283"/>
        <testcase name="`ExportFormat` → it returns correct mime type" file="tests/Unit/Exports/Enums/ExportFormatTest.php::`ExportFormat` → it returns correct mime type" class="Tests\Unit\Exports\Enums\ExportFormatTest" classname="Tests.Unit.Exports.Enums.ExportFormatTest" assertions="2" time="0.015387"/>
        <testcase name="`ExportFormat` → it returns downloader instance" file="tests/Unit/Exports/Enums/ExportFormatTest.php::`ExportFormat` → it returns downloader instance" class="Tests\Unit\Exports\Enums\ExportFormatTest" classname="Tests.Unit.Exports.Enums.ExportFormatTest" assertions="2" time="0.014916"/>
        <testcase name="`ExportFormat` → it has csv and xlsx cases" file="tests/Unit/Exports/Enums/ExportFormatTest.php::`ExportFormat` → it has csv and xlsx cases" class="Tests\Unit\Exports\Enums\ExportFormatTest" classname="Tests.Unit.Exports.Enums.ExportFormatTest" assertions="3" time="0.015347"/>
        <testcase name="`ExportFormat` → it returns correct extension" file="tests/Unit/Exports/Enums/ExportFormatTest.php::`ExportFormat` → it returns correct extension" class="Tests\Unit\Exports\Enums\ExportFormatTest" classname="Tests.Unit.Exports.Enums.ExportFormatTest" assertions="2" time="0.016104"/>
      </testsuite>
      <testsuite name="Tests\Unit\Exports\Concerns\HasCellStateTest" file="tests/Unit/Exports/Concerns/HasCellStateTest.php" tests="10" assertions="14" errors="0" failures="0" skipped="0" time="0.171399">
        <testcase name="`HasCellState Trait` → it can get full attribute name" file="tests/Unit/Exports/Concerns/HasCellStateTest.php::`HasCellState Trait` → it can get full attribute name" class="Tests\Unit\Exports\Concerns\HasCellStateTest" classname="Tests.Unit.Exports.Concerns.HasCellStateTest" assertions="1" time="0.021537"/>
        <testcase name="`HasCellState Trait` → it can check if has multiple relationship" file="tests/Unit/Exports/Concerns/HasCellStateTest.php::`HasCellState Trait` → it can check if has multiple relationship" class="Tests\Unit\Exports\Concerns\HasCellStateTest" classname="Tests.Unit.Exports.Concerns.HasCellStateTest" assertions="1" time="0.020884"/>
        <testcase name="`HasCellState Trait` → it can get relationship name" file="tests/Unit/Exports/Concerns/HasCellStateTest.php::`HasCellState Trait` → it can get relationship name" class="Tests\Unit\Exports\Concerns\HasCellStateTest" classname="Tests.Unit.Exports.Concerns.HasCellStateTest" assertions="2" time="0.018242"/>
        <testcase name="`HasCellState Trait` → it can get relationship results" file="tests/Unit/Exports/Concerns/HasCellStateTest.php::`HasCellState Trait` → it can get relationship results" class="Tests\Unit\Exports\Concerns\HasCellStateTest" classname="Tests.Unit.Exports.Concerns.HasCellStateTest" assertions="2" time="0.020759"/>
        <testcase name="`HasCellState Trait` → it can set and get default state" file="tests/Unit/Exports/Concerns/HasCellStateTest.php::`HasCellState Trait` → it can set and get default state" class="Tests\Unit\Exports\Concerns\HasCellStateTest" classname="Tests.Unit.Exports.Concerns.HasCellStateTest" assertions="1" time="0.014503"/>
        <testcase name="`HasCellState Trait` → it can set and get separator" file="tests/Unit/Exports/Concerns/HasCellStateTest.php::`HasCellState Trait` → it can set and get separator" class="Tests\Unit\Exports\Concerns\HasCellStateTest" classname="Tests.Unit.Exports.Concerns.HasCellStateTest" assertions="1" time="0.016090"/>
        <testcase name="`HasCellState Trait` → it can check if has relationship" file="tests/Unit/Exports/Concerns/HasCellStateTest.php::`HasCellState Trait` → it can check if has relationship" class="Tests\Unit\Exports\Concerns\HasCellStateTest" classname="Tests.Unit.Exports.Concerns.HasCellStateTest" assertions="2" time="0.017381"/>
        <testcase name="`HasCellState Trait` → it can set and check distinct list" file="tests/Unit/Exports/Concerns/HasCellStateTest.php::`HasCellState Trait` → it can set and check distinct list" class="Tests\Unit\Exports\Concerns\HasCellStateTest" classname="Tests.Unit.Exports.Concerns.HasCellStateTest" assertions="1" time="0.014195"/>
        <testcase name="`HasCellState Trait` → it can get relationship" file="tests/Unit/Exports/Concerns/HasCellStateTest.php::`HasCellState Trait` → it can get relationship" class="Tests\Unit\Exports\Concerns\HasCellStateTest" classname="Tests.Unit.Exports.Concerns.HasCellStateTest" assertions="1" time="0.014085"/>
        <testcase name="`HasCellState Trait` → it can get attribute name" file="tests/Unit/Exports/Concerns/HasCellStateTest.php::`HasCellState Trait` → it can get attribute name" class="Tests\Unit\Exports\Concerns\HasCellStateTest" classname="Tests.Unit.Exports.Concerns.HasCellStateTest" assertions="2" time="0.013722"/>
      </testsuite>
    </testsuite>
  </testsuite>
</testsuites>
